Using pre-set license
Built from '6000.0/staging' branch; Version is '6000.0.40f1 (157d81624ddf) revision 1408385'; Using compiler version '193933523'; Build Type 'Release'
OS: 'Windows 11  (10.0.26100) 64bit Core' Language: 'en' Physical Memory: 7918 MB
BatchMode: 1, IsHumanControllingUs: 0, StartBugReporterOnCrash: 0, Is64bit: 1, IsPro: 1

COMMAND LINE ARGUMENTS:
D:\l1tom\6000.0.40f1\Editor\Unity.exe
-adb2
-batchMode
-noUpm
-name
AssetImportWorker0
-projectPath
C:/Users/l1tom/baratelli adventures
-logFile
Logs/AssetImportWorker0.log
-srvPort
54072
-job-worker-count
5
-background-job-worker-count
8
-gc-helper-count
1
Successfully changed project path to: C:/Users/l1tom/baratelli adventures
C:/Users/l1tom/baratelli adventures
[UnityMemory] Configuration Parameters - Can be set up in boot.config
    "memorysetup-bucket-allocator-granularity=16"
    "memorysetup-bucket-allocator-bucket-count=8"
    "memorysetup-bucket-allocator-block-size=33554432"
    "memorysetup-bucket-allocator-block-count=8"
    "memorysetup-main-allocator-block-size=16777216"
    "memorysetup-thread-allocator-block-size=16777216"
    "memorysetup-gfx-main-allocator-block-size=16777216"
    "memorysetup-gfx-thread-allocator-block-size=16777216"
    "memorysetup-cache-allocator-block-size=4194304"
    "memorysetup-typetree-allocator-block-size=2097152"
    "memorysetup-profiler-bucket-allocator-granularity=16"
    "memorysetup-profiler-bucket-allocator-bucket-count=8"
    "memorysetup-profiler-bucket-allocator-block-size=33554432"
    "memorysetup-profiler-bucket-allocator-block-count=8"
    "memorysetup-profiler-allocator-block-size=16777216"
    "memorysetup-profiler-editor-allocator-block-size=1048576"
    "memorysetup-temp-allocator-size-main=16777216"
    "memorysetup-job-temp-allocator-block-size=2097152"
    "memorysetup-job-temp-allocator-block-size-background=1048576"
    "memorysetup-job-temp-allocator-reduction-small-platforms=262144"
    "memorysetup-allocator-temp-initial-block-size-main=262144"
    "memorysetup-allocator-temp-initial-block-size-worker=262144"
    "memorysetup-temp-allocator-size-background-worker=32768"
    "memorysetup-temp-allocator-size-job-worker=262144"
    "memorysetup-temp-allocator-size-preload-manager=33554432"
    "memorysetup-temp-allocator-size-nav-mesh-worker=65536"
    "memorysetup-temp-allocator-size-audio-worker=65536"
    "memorysetup-temp-allocator-size-cloud-worker=32768"
    "memorysetup-temp-allocator-size-gi-baking-worker=262144"
    "memorysetup-temp-allocator-size-gi-baking-worker=262144"
    "memorysetup-temp-allocator-size-gi-baking-worker=262144"
    "memorysetup-temp-allocator-size-gi-baking-worker=262144"
    "memorysetup-temp-allocator-size-gi-baking-worker=262144"
    "memorysetup-temp-allocator-size-gfx=262144"
Player connection [10460]  Target information:

Player connection [10460]  * "[IP] 26.175.147.144 [Port] 0 [Flags] 2 [Guid] 301517193 [EditorId] 301517193 [Version] 1048832 [Id] WindowsEditor(7,L1) [Debug] 1 [PackageName] WindowsEditor [ProjectName] Editor" 

Player connection [10460]  * "[IP] 192.168.2.4 [Port] 0 [Flags] 2 [Guid] 301517193 [EditorId] 301517193 [Version] 1048832 [Id] WindowsEditor(7,L1) [Debug] 1 [PackageName] WindowsEditor [ProjectName] Editor" 

Player connection [10460] Host joined multi-casting on [225.0.0.222:54997]...
Player connection [10460] Host joined alternative multi-casting on [225.0.0.222:34997]...
JobSystem: Creating JobQueue using job-worker-count value 5
Input System module state changed to: Initialized.
[Physics::Module] Initialized fallback backend.
[Physics::Module] Id: 0xdecafbad
Library Redirect Path: Library/
[Physics::Module] Selected backend.
[Physics::Module] Name: PhysX
[Physics::Module] Id: 0xf2b8ea05
[Physics::Module] SDK Version: 4.1.2
[Physics::Module] Integration Version: 1.0.0
[Physics::Module] Threading Mode: Multi-Threaded
Refreshing native plugins compatible for Editor in 9.59 ms, found 4 plugins.
Preloading 0 native plugins for Editor in 0.00 ms.
Initialize engine version: 6000.0.40f1 (157d81624ddf)
[Subsystems] Discovering subsystems at path D:/l1tom/6000.0.40f1/Editor/Data/Resources/UnitySubsystems
[Subsystems] Discovering subsystems at path C:/Users/l1tom/baratelli adventures/Assets
GfxDevice: creating device client; kGfxThreadingModeNonThreaded
Direct3D:
    Version:  Direct3D 11.0 [level 11.1]
    Renderer: Intel(R) UHD Graphics (ID=0x46a3)
    Vendor:   Intel
    VRAM:     3959 MB
    Driver:   31.0.101.3358
Initialize mono
Mono path[0] = 'D:/l1tom/6000.0.40f1/Editor/Data/Managed'
Mono path[1] = 'D:/l1tom/6000.0.40f1/Editor/Data/MonoBleedingEdge/lib/mono/unityjit-win32'
Mono config path = 'D:/l1tom/6000.0.40f1/Editor/Data/MonoBleedingEdge/etc'
Using monoOptions --debugger-agent=transport=dt_socket,embedding=1,server=y,suspend=n,address=127.0.0.1:56752
Begin MonoManager ReloadAssembly
Registering precompiled unity dll's ...
Register platform support module: D:/l1tom/6000.0.40f1/Editor/Data/PlaybackEngines/WindowsStandaloneSupport/UnityEditor.WindowsStandalone.Extensions.dll
Registered in 0.003367 seconds.
- Loaded All Assemblies, in  0.499 seconds
Native extension for WindowsStandalone target not found
Mono: successfully reloaded assembly
- Finished resetting the current domain, in  0.403 seconds
Domain Reload Profiling: 902ms
	BeginReloadAssembly (216ms)
		ExecutionOrderSort (0ms)
		DisableScriptedObjects (0ms)
		BackupInstance (0ms)
		ReleaseScriptingObjects (0ms)
		CreateAndSetChildDomain (2ms)
	RebuildCommonClasses (45ms)
	RebuildNativeTypeToScriptingClass (15ms)
	initialDomainReloadingComplete (52ms)
	LoadAllAssembliesAndSetupDomain (170ms)
		LoadAssemblies (212ms)
		RebuildTransferFunctionScriptingTraits (0ms)
		AnalyzeDomain (167ms)
			TypeCache.Refresh (165ms)
				TypeCache.ScanAssembly (151ms)
			BuildScriptInfoCaches (0ms)
			ResolveRequiredComponents (1ms)
	FinalizeReload (404ms)
		ReleaseScriptCaches (0ms)
		RebuildScriptCaches (0ms)
		SetupLoadedEditorAssemblies (341ms)
			LogAssemblyErrors (0ms)
			InitializePlatformSupportModulesInManaged (24ms)
			SetLoadedEditorAssemblies (6ms)
			BeforeProcessingInitializeOnLoad (66ms)
			ProcessInitializeOnLoadAttributes (195ms)
			ProcessInitializeOnLoadMethodAttributes (50ms)
			AfterProcessingInitializeOnLoad (0ms)
			EditorAssembliesLoaded (0ms)
		ExecutionOrderSort2 (0ms)
		AwakeInstancesAfterBackupRestoration (0ms)
========================================================================
Worker process is ready to serve import requests
Import Worker Mode flag is 0x00
Begin MonoManager ReloadAssembly
- Loaded All Assemblies, in  1.172 seconds
Refreshing native plugins compatible for Editor in 1.28 ms, found 4 plugins.
Native extension for WindowsStandalone target not found
Mono: successfully reloaded assembly
- Finished resetting the current domain, in  1.115 seconds
Domain Reload Profiling: 2285ms
	BeginReloadAssembly (194ms)
		ExecutionOrderSort (0ms)
		DisableScriptedObjects (6ms)
		BackupInstance (0ms)
		ReleaseScriptingObjects (0ms)
		CreateAndSetChildDomain (32ms)
	RebuildCommonClasses (67ms)
	RebuildNativeTypeToScriptingClass (18ms)
	initialDomainReloadingComplete (53ms)
	LoadAllAssembliesAndSetupDomain (838ms)
		LoadAssemblies (637ms)
		RebuildTransferFunctionScriptingTraits (0ms)
		AnalyzeDomain (328ms)
			TypeCache.Refresh (238ms)
				TypeCache.ScanAssembly (217ms)
			BuildScriptInfoCaches (75ms)
			ResolveRequiredComponents (12ms)
	FinalizeReload (1115ms)
		ReleaseScriptCaches (0ms)
		RebuildScriptCaches (0ms)
		SetupLoadedEditorAssemblies (855ms)
			LogAssemblyErrors (0ms)
			InitializePlatformSupportModulesInManaged (2ms)
			SetLoadedEditorAssemblies (4ms)
			BeforeProcessingInitializeOnLoad (138ms)
			ProcessInitializeOnLoadAttributes (525ms)
			ProcessInitializeOnLoadMethodAttributes (184ms)
			AfterProcessingInitializeOnLoad (2ms)
			EditorAssembliesLoaded (0ms)
		ExecutionOrderSort2 (0ms)
		AwakeInstancesAfterBackupRestoration (7ms)
Launched and connected shader compiler UnityShaderCompiler.exe after 0.02 seconds
Refreshing native plugins compatible for Editor in 2.11 ms, found 4 plugins.
Preloading 0 native plugins for Editor in 0.00 ms.
Unloading 207 Unused Serialized files (Serialized files now loaded: 0)
Unloading 6579 unused Assets / (8.1 MB). Loaded Objects now: 7226.
Memory consumption went from 173.2 MB to 165.1 MB.
Total: 15.650600 ms (FindLiveObjects: 2.230900 ms CreateObjectMapping: 1.167100 ms MarkObjects: 5.866500 ms  DeleteObjects: 6.381000 ms)

========================================================================
Received Import Request.
  Time since last request: 92692.057221 seconds.
  path: Assets/Free Stylized Skybox/Panoramic/Materials/Sky_Anime_03_Day_a.mat
  artifactKey: Guid(6bfab16f387f95e4bb60f866299be241) Importer(815301076,1909f56bfc062723c751e8b465ee728b)
Start importing Assets/Free Stylized Skybox/Panoramic/Materials/Sky_Anime_03_Day_a.mat using Guid(6bfab16f387f95e4bb60f866299be241) Importer(815301076,1909f56bfc062723c751e8b465ee728b) (PreviewImporter) -> (artifact id: 'a35a760350c29612015c623ddd411d77') in 1.1798864 seconds
Number of updated asset objects reloaded before import = 0Number of asset objects unloaded after import = 3

========================================================================
Received Import Request.
  Time since last request: 0.000075 seconds.
  path: Assets/Free Stylized Skybox/CubeMap/Materials/Sky_Anime_11_morning_a.mat
  artifactKey: Guid(8162517b6ec2309499f99e303b29f146) Importer(815301076,1909f56bfc062723c751e8b465ee728b)
Start importing Assets/Free Stylized Skybox/CubeMap/Materials/Sky_Anime_11_morning_a.mat using Guid(8162517b6ec2309499f99e303b29f146) Importer(815301076,1909f56bfc062723c751e8b465ee728b) (PreviewImporter) -> (artifact id: '7900912c1733b79ee8eaa28149164832') in 0.2117835 seconds
Number of updated asset objects reloaded before import = 0Number of asset objects unloaded after import = 2

========================================================================
Received Import Request.
  Time since last request: 1.260516 seconds.
  path: Assets/Free Stylized Skybox/CubeMap/Materials/Sky_Anime_18_day_a.mat
  artifactKey: Guid(b2f1a98efccfb644f8e084200a249527) Importer(815301076,1909f56bfc062723c751e8b465ee728b)
Start importing Assets/Free Stylized Skybox/CubeMap/Materials/Sky_Anime_18_day_a.mat using Guid(b2f1a98efccfb644f8e084200a249527) Importer(815301076,1909f56bfc062723c751e8b465ee728b) (PreviewImporter) -> (artifact id: '33509cd7cd0ddb0cdaf4b01daf970d71') in 0.2001686 seconds
Number of updated asset objects reloaded before import = 0Number of asset objects unloaded after import = 2

========================================================================
Received Import Request.
  Time since last request: 0.000062 seconds.
  path: Assets/Free Stylized Skybox/CubeMap/Materials/Sky_LowPoly_02_Night_a.mat
  artifactKey: Guid(c1c961cbd00909b45b34d97fd7df5cbf) Importer(815301076,1909f56bfc062723c751e8b465ee728b)
Start importing Assets/Free Stylized Skybox/CubeMap/Materials/Sky_LowPoly_02_Night_a.mat using Guid(c1c961cbd00909b45b34d97fd7df5cbf) Importer(815301076,1909f56bfc062723c751e8b465ee728b) (PreviewImporter) -> (artifact id: '23dcb1af4966611a285e56a18c324f4a') in 0.1618257 seconds
Number of updated asset objects reloaded before import = 0Number of asset objects unloaded after import = 2

========================================================================
Received Import Request.
  Time since last request: 0.000111 seconds.
  path: Assets/Free Stylized Skybox/Panoramic/Materials/Sky_LowPoly_01_Day_a.mat
  artifactKey: Guid(6abe918ee1229b34f8557fc2a5a39825) Importer(815301076,1909f56bfc062723c751e8b465ee728b)
Start importing Assets/Free Stylized Skybox/Panoramic/Materials/Sky_LowPoly_01_Day_a.mat using Guid(6abe918ee1229b34f8557fc2a5a39825) Importer(815301076,1909f56bfc062723c751e8b465ee728b) (PreviewImporter) -> (artifact id: 'c0177dd3efd6f13b8ac487280eb363b5') in 0.1760163 seconds
Number of updated asset objects reloaded before import = 0Number of asset objects unloaded after import = 3

========================================================================
Received Import Request.
  Time since last request: 270.842867 seconds.
  path: Assets/Settings/Lit2DSceneTemplate.scenetemplate
  artifactKey: Guid(d03ed43fc9d8a4f2e9fa70c1c7916eb9) Importer(815301076,1909f56bfc062723c751e8b465ee728b)
Start importing Assets/Settings/Lit2DSceneTemplate.scenetemplate using Guid(d03ed43fc9d8a4f2e9fa70c1c7916eb9) Importer(815301076,1909f56bfc062723c751e8b465ee728b) (PreviewImporter) -> (artifact id: '7402a6d71e48bac3f929fe132eb08c0a') in 0.1638447 seconds
Number of updated asset objects reloaded before import = 0Number of asset objects unloaded after import = 5

========================================================================
Received Prepare
Begin MonoManager ReloadAssembly
- Loaded All Assemblies, in  7.746 seconds
Refreshing native plugins compatible for Editor in 7.31 ms, found 4 plugins.
Native extension for WindowsStandalone target not found
Mono: successfully reloaded assembly
- Finished resetting the current domain, in  1.679 seconds
Domain Reload Profiling: 9436ms
	BeginReloadAssembly (4050ms)
		ExecutionOrderSort (8ms)
		DisableScriptedObjects (1281ms)
		BackupInstance (0ms)
		ReleaseScriptingObjects (12ms)
		CreateAndSetChildDomain (1412ms)
	RebuildCommonClasses (145ms)
	RebuildNativeTypeToScriptingClass (52ms)
	initialDomainReloadingComplete (130ms)
	LoadAllAssembliesAndSetupDomain (3379ms)
		LoadAssemblies (3114ms)
		RebuildTransferFunctionScriptingTraits (0ms)
		AnalyzeDomain (804ms)
			TypeCache.Refresh (448ms)
				TypeCache.ScanAssembly (381ms)
			BuildScriptInfoCaches (312ms)
			ResolveRequiredComponents (32ms)
	FinalizeReload (1679ms)
		ReleaseScriptCaches (0ms)
		RebuildScriptCaches (0ms)
		SetupLoadedEditorAssemblies (1272ms)
			LogAssemblyErrors (0ms)
			InitializePlatformSupportModulesInManaged (5ms)
			SetLoadedEditorAssemblies (8ms)
			BeforeProcessingInitializeOnLoad (330ms)
			ProcessInitializeOnLoadAttributes (845ms)
			ProcessInitializeOnLoadMethodAttributes (81ms)
			AfterProcessingInitializeOnLoad (2ms)
			EditorAssembliesLoaded (1ms)
		ExecutionOrderSort2 (0ms)
		AwakeInstancesAfterBackupRestoration (19ms)
Refreshing native plugins compatible for Editor in 1.68 ms, found 4 plugins.
Preloading 0 native plugins for Editor in 0.00 ms.
Unloading 79 Unused Serialized files (Serialized files now loaded: 0)
Unloading 6710 unused Assets / (12.1 MB). Loaded Objects now: 7394.
Memory consumption went from 169.0 MB to 157.0 MB.
Total: 14.979200 ms (FindLiveObjects: 1.726600 ms CreateObjectMapping: 0.642800 ms MarkObjects: 5.651500 ms  DeleteObjects: 6.955600 ms)

Prepare: number of updated asset objects reloaded= 0
========================================================================
Received Import Request.
  Time since last request: 332.863527 seconds.
  path: Assets/SimpleNaturePack/Models
  artifactKey: Guid(f2460ba6bbb1eee41b63499dcba676dc) Importer(815301076,1909f56bfc062723c751e8b465ee728b)
Start importing Assets/SimpleNaturePack/Models using Guid(f2460ba6bbb1eee41b63499dcba676dc) Importer(815301076,1909f56bfc062723c751e8b465ee728b) (PreviewImporter) -> (artifact id: '5b22a4d535eaf3a800d83f3b535b3bee') in 0.0437841 seconds
Number of updated asset objects reloaded before import = 0Number of asset objects unloaded after import = 0

========================================================================
Received Import Request.
  Time since last request: 8.041220 seconds.
  path: Assets/Proxy Games/Stylized Nature Kit Lite/Meshes/Foliage/Branch/Branch.fbx
  artifactKey: Guid(9ee3751895b69084d8e785d402243c60) Importer(815301076,1909f56bfc062723c751e8b465ee728b)
Start importing Assets/Proxy Games/Stylized Nature Kit Lite/Meshes/Foliage/Branch/Branch.fbx using Guid(9ee3751895b69084d8e785d402243c60) Importer(815301076,1909f56bfc062723c751e8b465ee728b) (PreviewImporter) -> (artifact id: 'd634ef440897a88371b0c715e92e8fdb') in 1.0407559 seconds
Number of updated asset objects reloaded before import = 0Number of asset objects unloaded after import = 28

========================================================================
Received Import Request.
  Time since last request: 0.000074 seconds.
  path: Assets/Proxy Games/Stylized Nature Kit Lite/Meshes/Rocks/Rock Cliffs/Rock Cliff 2.fbx
  artifactKey: Guid(2f06370038ed47c43a43d7b7e30f7b23) Importer(815301076,1909f56bfc062723c751e8b465ee728b)
Start importing Assets/Proxy Games/Stylized Nature Kit Lite/Meshes/Rocks/Rock Cliffs/Rock Cliff 2.fbx using Guid(2f06370038ed47c43a43d7b7e30f7b23) Importer(815301076,1909f56bfc062723c751e8b465ee728b) (PreviewImporter) -> (artifact id: '208c5c1b4235012600b794b54787960a') in 0.1164192 seconds
Number of updated asset objects reloaded before import = 0Number of asset objects unloaded after import = 27

========================================================================
Received Import Request.
  Time since last request: 0.000042 seconds.
  path: Assets/Proxy Games/Stylized Nature Kit Lite/Meshes/Rocks/Mountain/Mountain.fbx
  artifactKey: Guid(07f7693a22c302246b83507415e1c01f) Importer(815301076,1909f56bfc062723c751e8b465ee728b)
Start importing Assets/Proxy Games/Stylized Nature Kit Lite/Meshes/Rocks/Mountain/Mountain.fbx using Guid(07f7693a22c302246b83507415e1c01f) Importer(815301076,1909f56bfc062723c751e8b465ee728b) (PreviewImporter) -> (artifact id: 'a477d21cc3286c6273f8b710b427e00a') in 0.0855634 seconds
Number of updated asset objects reloaded before import = 0Number of asset objects unloaded after import = 31

========================================================================
Received Import Request.
  Time since last request: 0.000040 seconds.
  path: Assets/Proxy Games/Stylized Nature Kit Lite/Meshes/Water/Detailed Water.fbx
  artifactKey: Guid(17c4328b795601b479c1b25fa5cfbf46) Importer(815301076,1909f56bfc062723c751e8b465ee728b)
Start importing Assets/Proxy Games/Stylized Nature Kit Lite/Meshes/Water/Detailed Water.fbx using Guid(17c4328b795601b479c1b25fa5cfbf46) Importer(815301076,1909f56bfc062723c751e8b465ee728b) (PreviewImporter) -> (artifact id: '7f0ff691f245c82e8b7f9bfe77e224d7') in 0.1229626 seconds
Number of updated asset objects reloaded before import = 0Number of asset objects unloaded after import = 26

========================================================================
Received Import Request.
  Time since last request: 0.000038 seconds.
  path: Assets/Proxy Games/Stylized Nature Kit Lite/Meshes/Foliage/Trees/Spruce 1.fbx
  artifactKey: Guid(af68f6de6ee33a841b3b0572f41ddcad) Importer(815301076,1909f56bfc062723c751e8b465ee728b)
Start importing Assets/Proxy Games/Stylized Nature Kit Lite/Meshes/Foliage/Trees/Spruce 1.fbx using Guid(af68f6de6ee33a841b3b0572f41ddcad) Importer(815301076,1909f56bfc062723c751e8b465ee728b) (PreviewImporter) -> (artifact id: 'b340033984daafcc6f023a516b761bb4') in 0.1178781 seconds
Number of updated asset objects reloaded before import = 0Number of asset objects unloaded after import = 29

========================================================================
Received Import Request.
  Time since last request: 0.000046 seconds.
  path: Assets/Proxy Games/Stylized Nature Kit Lite/Meshes/Rocks/Standard Rocks/Standard Rock 3.fbx
  artifactKey: Guid(cdfa04c51cadc7246b34041135934d73) Importer(815301076,1909f56bfc062723c751e8b465ee728b)
Start importing Assets/Proxy Games/Stylized Nature Kit Lite/Meshes/Rocks/Standard Rocks/Standard Rock 3.fbx using Guid(cdfa04c51cadc7246b34041135934d73) Importer(815301076,1909f56bfc062723c751e8b465ee728b) (PreviewImporter) -> (artifact id: 'f2397e5c87472ee5f47fea277eb93d4f') in 0.0670245 seconds
Number of updated asset objects reloaded before import = 0Number of asset objects unloaded after import = 27

========================================================================
Received Import Request.
  Time since last request: 0.000027 seconds.
  path: Assets/Proxy Games/Stylized Nature Kit Lite/Meshes/Rocks/Rock Cliffs/Rock Cliff 5.fbx
  artifactKey: Guid(6d8861f3dd3ad3a4fb0162a75cb991b7) Importer(815301076,1909f56bfc062723c751e8b465ee728b)
Start importing Assets/Proxy Games/Stylized Nature Kit Lite/Meshes/Rocks/Rock Cliffs/Rock Cliff 5.fbx using Guid(6d8861f3dd3ad3a4fb0162a75cb991b7) Importer(815301076,1909f56bfc062723c751e8b465ee728b) (PreviewImporter) -> (artifact id: '2eae51f5a79e8a29406d2e93c1337a7b') in 0.0680678 seconds
Number of updated asset objects reloaded before import = 0Number of asset objects unloaded after import = 27

========================================================================
Received Import Request.
  Time since last request: 0.000031 seconds.
  path: Assets/Proxy Games/Stylized Nature Kit Lite/Meshes/Rocks/Standard Rocks/Standard Rock 2.fbx
  artifactKey: Guid(323a7477ca2ea464f86036cee8f21021) Importer(815301076,1909f56bfc062723c751e8b465ee728b)
Start importing Assets/Proxy Games/Stylized Nature Kit Lite/Meshes/Rocks/Standard Rocks/Standard Rock 2.fbx using Guid(323a7477ca2ea464f86036cee8f21021) Importer(815301076,1909f56bfc062723c751e8b465ee728b) (PreviewImporter) -> (artifact id: '06fe6fddb386ff40ad18075ca409e0b6') in 0.0811429 seconds
Number of updated asset objects reloaded before import = 0Number of asset objects unloaded after import = 27

========================================================================
Received Import Request.
  Time since last request: 0.000036 seconds.
  path: Assets/Proxy Games/Stylized Nature Kit Lite/Meshes/Foliage/Log/Log.fbx
  artifactKey: Guid(2fc4f35c395a8444a8864c11b6d62042) Importer(815301076,1909f56bfc062723c751e8b465ee728b)
Start importing Assets/Proxy Games/Stylized Nature Kit Lite/Meshes/Foliage/Log/Log.fbx using Guid(2fc4f35c395a8444a8864c11b6d62042) Importer(815301076,1909f56bfc062723c751e8b465ee728b) (PreviewImporter) -> (artifact id: '566925e906e2c7dc32fca963a250f742') in 0.0798733 seconds
Number of updated asset objects reloaded before import = 0Number of asset objects unloaded after import = 31

========================================================================
Received Import Request.
  Time since last request: 0.041285 seconds.
  path: Assets/Proxy Games/Stylized Nature Kit Lite/Meshes/Rocks/Standard Rocks/Standard Rock 4.fbx
  artifactKey: Guid(75ed99bf730d4404d9eec151c5d709ba) Importer(815301076,1909f56bfc062723c751e8b465ee728b)
Start importing Assets/Proxy Games/Stylized Nature Kit Lite/Meshes/Rocks/Standard Rocks/Standard Rock 4.fbx using Guid(75ed99bf730d4404d9eec151c5d709ba) Importer(815301076,1909f56bfc062723c751e8b465ee728b) (PreviewImporter) -> (artifact id: 'c49061ad5f1a7efb59dffcf7b5313908') in 0.1071977 seconds
Number of updated asset objects reloaded before import = 0Number of asset objects unloaded after import = 27

========================================================================
Received Import Request.
  Time since last request: 0.000097 seconds.
  path: Assets/Proxy Games/Stylized Nature Kit Lite/Meshes/Foliage/Stump/Stump.fbx
  artifactKey: Guid(e019a327afd8a364a8cae984935ca573) Importer(815301076,1909f56bfc062723c751e8b465ee728b)
Start importing Assets/Proxy Games/Stylized Nature Kit Lite/Meshes/Foliage/Stump/Stump.fbx using Guid(e019a327afd8a364a8cae984935ca573) Importer(815301076,1909f56bfc062723c751e8b465ee728b) (PreviewImporter) -> (artifact id: '13de67196dcd106afbf9f90c7c7923c2') in 0.1154255 seconds
Number of updated asset objects reloaded before import = 0Number of asset objects unloaded after import = 27

========================================================================
Received Import Request.
  Time since last request: 1.163221 seconds.
  path: Assets/Proxy Games/Stylized Nature Kit Lite/Meshes/Rocks/Tiny Rocks/Tiny Rock 1.fbx
  artifactKey: Guid(b8e57dbb292ab3e48afcd12d26691529) Importer(815301076,1909f56bfc062723c751e8b465ee728b)
Start importing Assets/Proxy Games/Stylized Nature Kit Lite/Meshes/Rocks/Tiny Rocks/Tiny Rock 1.fbx using Guid(b8e57dbb292ab3e48afcd12d26691529) Importer(815301076,1909f56bfc062723c751e8b465ee728b) (PreviewImporter) -> (artifact id: '97b64e7e911ed4976f729deaba01bd74') in 0.0701543 seconds
Number of updated asset objects reloaded before import = 0Number of asset objects unloaded after import = 27

========================================================================
Received Import Request.
  Time since last request: 0.000083 seconds.
  path: Assets/Proxy Games/Stylized Nature Kit Lite/Meshes/Rocks/Tiny Rocks/Tiny Rock 5.fbx
  artifactKey: Guid(1442886d9e815e44aaf2b0552058d72a) Importer(815301076,1909f56bfc062723c751e8b465ee728b)
Start importing Assets/Proxy Games/Stylized Nature Kit Lite/Meshes/Rocks/Tiny Rocks/Tiny Rock 5.fbx using Guid(1442886d9e815e44aaf2b0552058d72a) Importer(815301076,1909f56bfc062723c751e8b465ee728b) (PreviewImporter) -> (artifact id: 'b9df99389b86bfdb17a16cbcfd9432c9') in 0.0712757 seconds
Number of updated asset objects reloaded before import = 0Number of asset objects unloaded after import = 27

========================================================================
Received Import Request.
  Time since last request: 0.000053 seconds.
  path: Assets/Proxy Games/Stylized Nature Kit Lite/Meshes/Rocks/Tiny Rocks/Tiny Rock 4.fbx
  artifactKey: Guid(18b253297daa2af43bf84f937e396ef5) Importer(815301076,1909f56bfc062723c751e8b465ee728b)
Start importing Assets/Proxy Games/Stylized Nature Kit Lite/Meshes/Rocks/Tiny Rocks/Tiny Rock 4.fbx using Guid(18b253297daa2af43bf84f937e396ef5) Importer(815301076,1909f56bfc062723c751e8b465ee728b) (PreviewImporter) -> (artifact id: '7458049d244a1250b724d514bd61a55b') in 0.0728843 seconds
Number of updated asset objects reloaded before import = 0Number of asset objects unloaded after import = 27

========================================================================
Received Import Request.
  Time since last request: 26.771120 seconds.
  path: Assets/Free Stylized Skybox/CubeMap
  artifactKey: Guid(8f1c5a5cb73b94a419410c4554e1dd97) Importer(815301076,1909f56bfc062723c751e8b465ee728b)
Start importing Assets/Free Stylized Skybox/CubeMap using Guid(8f1c5a5cb73b94a419410c4554e1dd97) Importer(815301076,1909f56bfc062723c751e8b465ee728b) (PreviewImporter) -> (artifact id: 'ba2457356b3ea0b6d00bb775d56e543a') in 0.0016102 seconds
Number of updated asset objects reloaded before import = 0Number of asset objects unloaded after import = 0

========================================================================
Received Import Request.
  Time since last request: 1.070861 seconds.
  path: Assets/Free Stylized Skybox/CubeMap/Materials
  artifactKey: Guid(19743084541fd7f4eb15d11302fbc857) Importer(815301076,1909f56bfc062723c751e8b465ee728b)
Start importing Assets/Free Stylized Skybox/CubeMap/Materials using Guid(19743084541fd7f4eb15d11302fbc857) Importer(815301076,1909f56bfc062723c751e8b465ee728b) (PreviewImporter) -> (artifact id: '8380e88053e6a569920a5a60933f9195') in 0.0014678 seconds
Number of updated asset objects reloaded before import = 0Number of asset objects unloaded after import = 0

========================================================================
Received Import Request.
  Time since last request: 349.535890 seconds.
  path: Assets/Proxy Games/Stylized Nature Kit Lite/Materials/Skybox.mat
  artifactKey: Guid(03e2616f5befa194da5c803432a7da3a) Importer(815301076,1909f56bfc062723c751e8b465ee728b)
Start importing Assets/Proxy Games/Stylized Nature Kit Lite/Materials/Skybox.mat using Guid(03e2616f5befa194da5c803432a7da3a) Importer(815301076,1909f56bfc062723c751e8b465ee728b) (PreviewImporter) -> (artifact id: 'd8e72239df652072f778bcca8e714db2') in 0.6607452 seconds
Number of updated asset objects reloaded before import = 0Number of asset objects unloaded after import = 1

========================================================================
Received Import Request.
  Time since last request: 556.405942 seconds.
  path: Assets/Proxy Games/Stylized Nature Kit Lite/Materials/Grass.mat
  artifactKey: Guid(9f69fd57086ff5046914a8b32350a1cb) Importer(815301076,1909f56bfc062723c751e8b465ee728b)
Start importing Assets/Proxy Games/Stylized Nature Kit Lite/Materials/Grass.mat using Guid(9f69fd57086ff5046914a8b32350a1cb) Importer(815301076,1909f56bfc062723c751e8b465ee728b) (PreviewImporter) -> (artifact id: '4df41e7f0819103d53a2ebd248fbcd38') in 0.3611888 seconds
Number of updated asset objects reloaded before import = 0Number of asset objects unloaded after import = 2

========================================================================
Received Import Request.
  Time since last request: 396.940038 seconds.
  path: Assets/Free Stylized Skybox/Panoramic/Materials/Sky_Anime_18_day_a.mat
  artifactKey: Guid(f9ec1c0318dcc3149b0e9ae62a6d8cdf) Importer(2089858483,192608db42251d675da83286b1cce702)
Start importing Assets/Free Stylized Skybox/Panoramic/Materials/Sky_Anime_18_day_a.mat using Guid(f9ec1c0318dcc3149b0e9ae62a6d8cdf) Importer(2089858483,192608db42251d675da83286b1cce702) (ScriptedImporter) -> (artifact id: '1b1eec1691bde62bfae11495a9b85bc3') in 2.369264 seconds
Number of updated asset objects reloaded before import = 0Number of asset objects unloaded after import = 2

========================================================================
Received Import Request.
  Time since last request: 0.000897 seconds.
  path: Assets/Free Stylized Skybox/Panoramic/Materials
  artifactKey: Guid(caf6dc09e20841545a84ea5110230189) Importer(2089858483,192608db42251d675da83286b1cce702)
Start importing Assets/Free Stylized Skybox/Panoramic/Materials using Guid(caf6dc09e20841545a84ea5110230189) Importer(2089858483,192608db42251d675da83286b1cce702) (ScriptedImporter) -> (artifact id: 'ebbd2857f4e6933c64048d4f89b6f333') in 0.0367636 seconds
Number of updated asset objects reloaded before import = 0Number of asset objects unloaded after import = 1

========================================================================
Received Import Request.
  Time since last request: 0.000056 seconds.
  path: Assets/Proxy Games/Stylized Nature Kit Lite/Prefabs/Water
  artifactKey: Guid(357ca41e7c3121943bb4cb61c5fbabb1) Importer(2089858483,192608db42251d675da83286b1cce702)
Start importing Assets/Proxy Games/Stylized Nature Kit Lite/Prefabs/Water using Guid(357ca41e7c3121943bb4cb61c5fbabb1) Importer(2089858483,192608db42251d675da83286b1cce702) (ScriptedImporter) -> (artifact id: '9970983b3b44ceb76411ee61a4a3d479') in 0.0261554 seconds
Number of updated asset objects reloaded before import = 0Number of asset objects unloaded after import = 1

========================================================================
Received Import Request.
  Time since last request: 0.000032 seconds.
  path: Assets/Free Stylized Skybox/Panoramic/Textures/Sky_LowPoly_01_Day_a.png
  artifactKey: Guid(b3453e84aa7d88a47a6b80b04864177c) Importer(2089858483,192608db42251d675da83286b1cce702)
Start importing Assets/Free Stylized Skybox/Panoramic/Textures/Sky_LowPoly_01_Day_a.png using Guid(b3453e84aa7d88a47a6b80b04864177c) Importer(2089858483,192608db42251d675da83286b1cce702) (ScriptedImporter) -> (artifact id: 'f42e6ceb3c5b135bce931f4a4ee5fedf') in 0.2212309 seconds
Number of updated asset objects reloaded before import = 0Number of asset objects unloaded after import = 1

========================================================================
Received Import Request.
  Time since last request: 0.000041 seconds.
  path: Assets/Proxy Games/Stylized Nature Kit Lite/Misc
  artifactKey: Guid(3826c1bd9fc831d418e217b90aa6b69e) Importer(2089858483,192608db42251d675da83286b1cce702)
Start importing Assets/Proxy Games/Stylized Nature Kit Lite/Misc using Guid(3826c1bd9fc831d418e217b90aa6b69e) Importer(2089858483,192608db42251d675da83286b1cce702) (ScriptedImporter) -> (artifact id: 'dd5fce1a903f4c2eee81ad1159c296a7') in 0.0326892 seconds
Number of updated asset objects reloaded before import = 0Number of asset objects unloaded after import = 1

========================================================================
Received Import Request.
  Time since last request: 0.000055 seconds.
  path: Assets/Proxy Games/Stylized Nature Kit Lite/Meshes/Rocks/Rock Cliffs
  artifactKey: Guid(4b89029d81a466949b58c5a95366e2e0) Importer(2089858483,192608db42251d675da83286b1cce702)
Start importing Assets/Proxy Games/Stylized Nature Kit Lite/Meshes/Rocks/Rock Cliffs using Guid(4b89029d81a466949b58c5a95366e2e0) Importer(2089858483,192608db42251d675da83286b1cce702) (ScriptedImporter) -> (artifact id: '8e7ae6034eb10e8870ab5524df9a8829') in 0.0283878 seconds
Number of updated asset objects reloaded before import = 0Number of asset objects unloaded after import = 1

========================================================================
Received Import Request.
  Time since last request: 0.000034 seconds.
  path: Assets/Proxy Games/Stylized Nature Kit Lite/Textures/Bush Leaves.png
  artifactKey: Guid(420d7542564a36c48a1c01d02f377375) Importer(2089858483,192608db42251d675da83286b1cce702)
Start importing Assets/Proxy Games/Stylized Nature Kit Lite/Textures/Bush Leaves.png using Guid(420d7542564a36c48a1c01d02f377375) Importer(2089858483,192608db42251d675da83286b1cce702) (ScriptedImporter) -> (artifact id: 'eb6191202ed038929448124a592a02b1') in 0.0513395 seconds
Number of updated asset objects reloaded before import = 0Number of asset objects unloaded after import = 1

========================================================================
Received Import Request.
  Time since last request: 0.000060 seconds.
  path: Assets/Proxy Games/Stylized Nature Kit Lite/Materials/Flower Leaf.mat
  artifactKey: Guid(be6a741af13d50f41b8befdd255bf584) Importer(2089858483,192608db42251d675da83286b1cce702)
Start importing Assets/Proxy Games/Stylized Nature Kit Lite/Materials/Flower Leaf.mat using Guid(be6a741af13d50f41b8befdd255bf584) Importer(2089858483,192608db42251d675da83286b1cce702) (ScriptedImporter) -> (artifact id: '77f9895e2c7cde882b3c34e4200c9ca6') in 0.0392242 seconds
Number of updated asset objects reloaded before import = 0Number of asset objects unloaded after import = 2

========================================================================
Received Import Request.
  Time since last request: 0.000074 seconds.
  path: Assets/Free Stylized Skybox/Panoramic/Textures/Sky_LowPoly_02_Night_a.png
  artifactKey: Guid(db7650dac9116b24f9ce64ccac6b74f8) Importer(2089858483,192608db42251d675da83286b1cce702)
Start importing Assets/Free Stylized Skybox/Panoramic/Textures/Sky_LowPoly_02_Night_a.png using Guid(db7650dac9116b24f9ce64ccac6b74f8) Importer(2089858483,192608db42251d675da83286b1cce702) (ScriptedImporter) -> (artifact id: '575d86e59d0221301d3fa7a81a929dcd') in 0.084436 seconds
Number of updated asset objects reloaded before import = 0Number of asset objects unloaded after import = 1

========================================================================
Received Import Request.
  Time since last request: 0.000031 seconds.
  path: Assets/Proxy Games/Stylized Nature Kit Lite/Prefabs/Foliage/Mushroom/Mushrooms Patch.prefab
  artifactKey: Guid(d0fa3c49b2c9cd84bb5a644c53ef025e) Importer(2089858483,192608db42251d675da83286b1cce702)
Start importing Assets/Proxy Games/Stylized Nature Kit Lite/Prefabs/Foliage/Mushroom/Mushrooms Patch.prefab using Guid(d0fa3c49b2c9cd84bb5a644c53ef025e) Importer(2089858483,192608db42251d675da83286b1cce702) (ScriptedImporter) -> (artifact id: '9e8f63d392f65d7ccaa45843e02a2212') in 0.1512197 seconds
Number of updated asset objects reloaded before import = 0Number of asset objects unloaded after import = 26

========================================================================
Received Import Request.
  Time since last request: 0.000075 seconds.
  path: Assets/Proxy Games/Stylized Nature Kit Lite/Meshes/Rocks/Tiny Rocks/Tiny Rock 2.fbx
  artifactKey: Guid(ad7daad3aa9a2a14a81709996b969b67) Importer(2089858483,192608db42251d675da83286b1cce702)
Start importing Assets/Proxy Games/Stylized Nature Kit Lite/Meshes/Rocks/Tiny Rocks/Tiny Rock 2.fbx using Guid(ad7daad3aa9a2a14a81709996b969b67) Importer(2089858483,192608db42251d675da83286b1cce702) (ScriptedImporter) -> (artifact id: 'b24257b521a5371be5033c9dbfc53673') in 0.1461095 seconds
Number of updated asset objects reloaded before import = 0Number of asset objects unloaded after import = 25

========================================================================
Received Import Request.
  Time since last request: 0.000035 seconds.
  path: Assets/Proxy Games/Stylized Nature Kit Lite/Meshes/Rocks/Standard Rocks/Standard Rock 4.fbx
  artifactKey: Guid(75ed99bf730d4404d9eec151c5d709ba) Importer(2089858483,192608db42251d675da83286b1cce702)
Start importing Assets/Proxy Games/Stylized Nature Kit Lite/Meshes/Rocks/Standard Rocks/Standard Rock 4.fbx using Guid(75ed99bf730d4404d9eec151c5d709ba) Importer(2089858483,192608db42251d675da83286b1cce702) (ScriptedImporter) -> (artifact id: 'd8f613522da6abec747dcbe8b49c209c') in 0.0484418 seconds
Number of updated asset objects reloaded before import = 0Number of asset objects unloaded after import = 25

========================================================================
Received Import Request.
  Time since last request: 0.000048 seconds.
  path: Assets/Proxy Games/Stylized Nature Kit Lite/Meshes/Rocks/Rock Cliffs/Rock Cliff 3.fbx
  artifactKey: Guid(2fdcdf62eef546646a69ae9ead49b843) Importer(2089858483,192608db42251d675da83286b1cce702)
Start importing Assets/Proxy Games/Stylized Nature Kit Lite/Meshes/Rocks/Rock Cliffs/Rock Cliff 3.fbx using Guid(2fdcdf62eef546646a69ae9ead49b843) Importer(2089858483,192608db42251d675da83286b1cce702) (ScriptedImporter) -> (artifact id: '25e3951a2ce23acd201871108b2c25c2') in 0.0505245 seconds
Number of updated asset objects reloaded before import = 0Number of asset objects unloaded after import = 25

========================================================================
Received Import Request.
  Time since last request: 0.000042 seconds.
  path: Assets/Proxy Games/Stylized Nature Kit Lite/Prefabs/Foliage
  artifactKey: Guid(f3b87a002ea6ee6439efcc0bd65e95ad) Importer(2089858483,192608db42251d675da83286b1cce702)
Start importing Assets/Proxy Games/Stylized Nature Kit Lite/Prefabs/Foliage using Guid(f3b87a002ea6ee6439efcc0bd65e95ad) Importer(2089858483,192608db42251d675da83286b1cce702) (ScriptedImporter) -> (artifact id: 'eff82e71da562a791ab1ba2b3d186b1b') in 0.0241859 seconds
Number of updated asset objects reloaded before import = 0Number of asset objects unloaded after import = 1

========================================================================
Received Import Request.
  Time since last request: 0.000056 seconds.
  path: Assets/Proxy Games/Stylized Nature Kit Lite/Prefabs/Rocks/Rock Cliffs/Rock Cliff 2.prefab
  artifactKey: Guid(7ece6646ef2475b44959032f5d55a8f6) Importer(2089858483,192608db42251d675da83286b1cce702)
Start importing Assets/Proxy Games/Stylized Nature Kit Lite/Prefabs/Rocks/Rock Cliffs/Rock Cliff 2.prefab using Guid(7ece6646ef2475b44959032f5d55a8f6) Importer(2089858483,192608db42251d675da83286b1cce702) (ScriptedImporter) -> (artifact id: 'ee2c1be7aabc752619c584598f117d9f') in 0.0328558 seconds
Number of updated asset objects reloaded before import = 0Number of asset objects unloaded after import = 26

========================================================================
Received Import Request.
  Time since last request: 0.000037 seconds.
  path: Assets/Free Stylized Skybox/Panoramic/Materials/Sky_LowPoly_02_Night_a.mat
  artifactKey: Guid(aa87107d0c3535c4983a4edb2d0e9f7b) Importer(2089858483,192608db42251d675da83286b1cce702)
Start importing Assets/Free Stylized Skybox/Panoramic/Materials/Sky_LowPoly_02_Night_a.mat using Guid(aa87107d0c3535c4983a4edb2d0e9f7b) Importer(2089858483,192608db42251d675da83286b1cce702) (ScriptedImporter) -> (artifact id: 'be28f67de176e958fea414d3e2d834a5') in 0.0489073 seconds
Number of updated asset objects reloaded before import = 0Number of asset objects unloaded after import = 2

========================================================================
Received Import Request.
  Time since last request: 0.000036 seconds.
  path: Assets/Free Stylized Skybox/Panoramic
  artifactKey: Guid(6588c901b4b81d540b701c69a7474393) Importer(2089858483,192608db42251d675da83286b1cce702)
Start importing Assets/Free Stylized Skybox/Panoramic using Guid(6588c901b4b81d540b701c69a7474393) Importer(2089858483,192608db42251d675da83286b1cce702) (ScriptedImporter) -> (artifact id: 'caafc6b1bc8aaadbc2d43adb2dace19f') in 0.0259642 seconds
Number of updated asset objects reloaded before import = 0Number of asset objects unloaded after import = 1

========================================================================
Received Import Request.
  Time since last request: 0.000061 seconds.
  path: Assets/Proxy Games/Stylized Nature Kit Lite/Meshes/Rocks/Mountain
  artifactKey: Guid(88d3e258f44a94b4fa2dcab6dbab592d) Importer(2089858483,192608db42251d675da83286b1cce702)
Start importing Assets/Proxy Games/Stylized Nature Kit Lite/Meshes/Rocks/Mountain using Guid(88d3e258f44a94b4fa2dcab6dbab592d) Importer(2089858483,192608db42251d675da83286b1cce702) (ScriptedImporter) -> (artifact id: 'dfeddca563787bd71b4cf7d45ba34417') in 0.0227993 seconds
Number of updated asset objects reloaded before import = 0Number of asset objects unloaded after import = 1

========================================================================
Received Import Request.
  Time since last request: 0.000045 seconds.
  path: Assets/Proxy Games/Stylized Nature Kit Lite/Meshes/Rocks/Standard Rocks/Standard Rock 1.fbx
  artifactKey: Guid(872845ac0a2b8c6469d5e67ad0aba08e) Importer(2089858483,192608db42251d675da83286b1cce702)
Start importing Assets/Proxy Games/Stylized Nature Kit Lite/Meshes/Rocks/Standard Rocks/Standard Rock 1.fbx using Guid(872845ac0a2b8c6469d5e67ad0aba08e) Importer(2089858483,192608db42251d675da83286b1cce702) (ScriptedImporter) -> (artifact id: 'e403bdc8ba30cc1778d4c960c521e218') in 0.0383257 seconds
Number of updated asset objects reloaded before import = 0Number of asset objects unloaded after import = 25

========================================================================
Received Import Request.
  Time since last request: 0.000031 seconds.
  path: Assets/Free Stylized Skybox/CubeMap/Materials/Sky_Anime_03_Day_a.mat
  artifactKey: Guid(55e64e617a8bfff4ba846574e2651eb9) Importer(2089858483,192608db42251d675da83286b1cce702)
Start importing Assets/Free Stylized Skybox/CubeMap/Materials/Sky_Anime_03_Day_a.mat using Guid(55e64e617a8bfff4ba846574e2651eb9) Importer(2089858483,192608db42251d675da83286b1cce702) (ScriptedImporter) -> (artifact id: '60d6d8d7f413fb5d68d19e3a14b78e80') in 0.1383738 seconds
Number of updated asset objects reloaded before import = 0Number of asset objects unloaded after import = 2

========================================================================
Received Import Request.
  Time since last request: 0.000078 seconds.
  path: Assets/Free Stylized Skybox/CubeMap/Textures/Sky_Anime_18_day_a.png
  artifactKey: Guid(b15764350a2285e49a165af927da5da5) Importer(2089858483,192608db42251d675da83286b1cce702)
Start importing Assets/Free Stylized Skybox/CubeMap/Textures/Sky_Anime_18_day_a.png using Guid(b15764350a2285e49a165af927da5da5) Importer(2089858483,192608db42251d675da83286b1cce702) (ScriptedImporter) -> (artifact id: '742955a2473342b8ca2eb485d2068eac') in 0.2216677 seconds
Number of updated asset objects reloaded before import = 0Number of asset objects unloaded after import = 1

========================================================================
Received Import Request.
  Time since last request: 0.000081 seconds.
  path: Assets/Proxy Games/Stylized Nature Kit Lite/Prefabs/Rocks/Rock Cliffs/Rock Cliff 4.prefab
  artifactKey: Guid(dd1832de68cba8f48960216dac3c4f3e) Importer(2089858483,192608db42251d675da83286b1cce702)
Start importing Assets/Proxy Games/Stylized Nature Kit Lite/Prefabs/Rocks/Rock Cliffs/Rock Cliff 4.prefab using Guid(dd1832de68cba8f48960216dac3c4f3e) Importer(2089858483,192608db42251d675da83286b1cce702) (ScriptedImporter) -> (artifact id: '62ed332cc381bf97dc1816364668e62e') in 0.042807 seconds
Number of updated asset objects reloaded before import = 0Number of asset objects unloaded after import = 26

========================================================================
Received Import Request.
  Time since last request: 0.000049 seconds.
  path: Assets/Proxy Games/Stylized Nature Kit Lite/Meshes/Foliage/Bush
  artifactKey: Guid(b64cf168bfe657446b27dca9e9f65840) Importer(2089858483,192608db42251d675da83286b1cce702)
Start importing Assets/Proxy Games/Stylized Nature Kit Lite/Meshes/Foliage/Bush using Guid(b64cf168bfe657446b27dca9e9f65840) Importer(2089858483,192608db42251d675da83286b1cce702) (ScriptedImporter) -> (artifact id: 'cd8727fb17ed78a3a82ad04b6a891c69') in 0.0253608 seconds
Number of updated asset objects reloaded before import = 0Number of asset objects unloaded after import = 1

========================================================================
Received Import Request.
  Time since last request: 0.000031 seconds.
  path: Assets/Proxy Games/Stylized Nature Kit Lite/Scenes/Showcase Demo Scene/Showcase Demo Scene PP.asset
  artifactKey: Guid(65b304ab81f277442b2d11ca6f26724a) Importer(2089858483,192608db42251d675da83286b1cce702)
Start importing Assets/Proxy Games/Stylized Nature Kit Lite/Scenes/Showcase Demo Scene/Showcase Demo Scene PP.asset using Guid(65b304ab81f277442b2d11ca6f26724a) Importer(2089858483,192608db42251d675da83286b1cce702) (ScriptedImporter) -> (artifact id: '586c58cdc185264c87ef612451a7e0ea') in 0.1606227 seconds
Number of updated asset objects reloaded before import = 0Number of asset objects unloaded after import = 12

========================================================================
Received Import Request.
  Time since last request: 0.000029 seconds.
  path: Assets/Proxy Games/Stylized Nature Kit Lite/Textures/Terrain Grass.png
  artifactKey: Guid(51487f115253bea4099917c031e9fc72) Importer(2089858483,192608db42251d675da83286b1cce702)
Start importing Assets/Proxy Games/Stylized Nature Kit Lite/Textures/Terrain Grass.png using Guid(51487f115253bea4099917c031e9fc72) Importer(2089858483,192608db42251d675da83286b1cce702) (ScriptedImporter) -> (artifact id: '700ab077dffeb21e96106096c855bf4a') in 0.0296828 seconds
Number of updated asset objects reloaded before import = 0Number of asset objects unloaded after import = 1

========================================================================
Received Import Request.
  Time since last request: 0.000051 seconds.
  path: Assets/Proxy Games/Stylized Nature Kit Lite/Meshes/Foliage/Flower
  artifactKey: Guid(1c693caf72a3db24ea5924731df1e778) Importer(2089858483,192608db42251d675da83286b1cce702)
Start importing Assets/Proxy Games/Stylized Nature Kit Lite/Meshes/Foliage/Flower using Guid(1c693caf72a3db24ea5924731df1e778) Importer(2089858483,192608db42251d675da83286b1cce702) (ScriptedImporter) -> (artifact id: 'bd71542760d6db381e912e0d60695e38') in 0.0235041 seconds
Number of updated asset objects reloaded before import = 0Number of asset objects unloaded after import = 1

========================================================================
Received Import Request.
  Time since last request: 0.000041 seconds.
  path: Assets/Proxy Games/Stylized Nature Kit Lite/Textures/Flower.png
  artifactKey: Guid(acabc7080beed88498a866b9b521c865) Importer(2089858483,192608db42251d675da83286b1cce702)
Start importing Assets/Proxy Games/Stylized Nature Kit Lite/Textures/Flower.png using Guid(acabc7080beed88498a866b9b521c865) Importer(2089858483,192608db42251d675da83286b1cce702) (ScriptedImporter) -> (artifact id: 'ccc1a395a1fe531c5e11472d02789aa5') in 0.0311271 seconds
Number of updated asset objects reloaded before import = 0Number of asset objects unloaded after import = 1

========================================================================
Received Import Request.
  Time since last request: 0.000044 seconds.
  path: Assets/Proxy Games/Stylized Nature Kit Lite/Materials/Spruce Tree Branch.mat
  artifactKey: Guid(9c0a1cda53d749f40a30a84ed1657377) Importer(2089858483,192608db42251d675da83286b1cce702)
Start importing Assets/Proxy Games/Stylized Nature Kit Lite/Materials/Spruce Tree Branch.mat using Guid(9c0a1cda53d749f40a30a84ed1657377) Importer(2089858483,192608db42251d675da83286b1cce702) (ScriptedImporter) -> (artifact id: 'd89151fe301d7a955caef0cb33afc274') in 0.0291671 seconds
Number of updated asset objects reloaded before import = 0Number of asset objects unloaded after import = 2

========================================================================
Received Import Request.
  Time since last request: 0.000046 seconds.
  path: Assets/Proxy Games/Stylized Nature Kit Lite/Materials/Grass.mat
  artifactKey: Guid(9f69fd57086ff5046914a8b32350a1cb) Importer(2089858483,192608db42251d675da83286b1cce702)
Start importing Assets/Proxy Games/Stylized Nature Kit Lite/Materials/Grass.mat using Guid(9f69fd57086ff5046914a8b32350a1cb) Importer(2089858483,192608db42251d675da83286b1cce702) (ScriptedImporter) -> (artifact id: '1fc6cf6f51631351570de47529f7cc3b') in 0.026838 seconds
Number of updated asset objects reloaded before import = 0Number of asset objects unloaded after import = 2

========================================================================
Received Import Request.
  Time since last request: 0.000046 seconds.
  path: Assets/Proxy Games/Stylized Nature Kit Lite/Meshes/Rocks/Tiny Rocks/Tiny Rock 1.fbx
  artifactKey: Guid(b8e57dbb292ab3e48afcd12d26691529) Importer(2089858483,192608db42251d675da83286b1cce702)
Start importing Assets/Proxy Games/Stylized Nature Kit Lite/Meshes/Rocks/Tiny Rocks/Tiny Rock 1.fbx using Guid(b8e57dbb292ab3e48afcd12d26691529) Importer(2089858483,192608db42251d675da83286b1cce702) (ScriptedImporter) -> (artifact id: 'f4f18893189534aca420bf303e8fd601') in 0.0435061 seconds
Number of updated asset objects reloaded before import = 0Number of asset objects unloaded after import = 25

========================================================================
Received Import Request.
  Time since last request: 0.000036 seconds.
  path: Assets/Free Stylized Skybox/Panoramic/Materials/Sky_Anime_15_Day_a.mat
  artifactKey: Guid(d04fa9ef91692c6429efccdf42970c46) Importer(2089858483,192608db42251d675da83286b1cce702)
Start importing Assets/Free Stylized Skybox/Panoramic/Materials/Sky_Anime_15_Day_a.mat using Guid(d04fa9ef91692c6429efccdf42970c46) Importer(2089858483,192608db42251d675da83286b1cce702) (ScriptedImporter) -> (artifact id: '64aecb87ddbc4c3a4aabf1eab71b35c7') in 0.0595814 seconds
Number of updated asset objects reloaded before import = 0Number of asset objects unloaded after import = 2

========================================================================
Received Import Request.
  Time since last request: 0.000036 seconds.
  path: Assets/Proxy Games/Stylized Nature Kit Lite/Prefabs/Rocks
  artifactKey: Guid(531060859d8a0a746acd00a01aef886f) Importer(2089858483,192608db42251d675da83286b1cce702)
Start importing Assets/Proxy Games/Stylized Nature Kit Lite/Prefabs/Rocks using Guid(531060859d8a0a746acd00a01aef886f) Importer(2089858483,192608db42251d675da83286b1cce702) (ScriptedImporter) -> (artifact id: '42409fdeef387a9f5ec1ea716895beaa') in 0.0215537 seconds
Number of updated asset objects reloaded before import = 0Number of asset objects unloaded after import = 1

========================================================================
Received Import Request.
  Time since last request: 0.000040 seconds.
  path: Assets/Proxy Games/Stylized Nature Kit Lite/Prefabs/Rocks/Tiny Rocks/Tiny Rock 4.prefab
  artifactKey: Guid(e810868f614ca754bbec1ee2a733ad45) Importer(2089858483,192608db42251d675da83286b1cce702)
Start importing Assets/Proxy Games/Stylized Nature Kit Lite/Prefabs/Rocks/Tiny Rocks/Tiny Rock 4.prefab using Guid(e810868f614ca754bbec1ee2a733ad45) Importer(2089858483,192608db42251d675da83286b1cce702) (ScriptedImporter) -> (artifact id: '49375ecae7fb232debe95925aa3f57ed') in 0.0278958 seconds
Number of updated asset objects reloaded before import = 0Number of asset objects unloaded after import = 26

========================================================================
Received Import Request.
  Time since last request: 0.000035 seconds.
  path: Assets/Proxy Games/Stylized Nature Kit Lite/Prefabs/Rocks/Tiny Rocks/Tiny Rock 1.prefab
  artifactKey: Guid(2e12139c0ee03c44f8538d5e505a0942) Importer(2089858483,192608db42251d675da83286b1cce702)
Start importing Assets/Proxy Games/Stylized Nature Kit Lite/Prefabs/Rocks/Tiny Rocks/Tiny Rock 1.prefab using Guid(2e12139c0ee03c44f8538d5e505a0942) Importer(2089858483,192608db42251d675da83286b1cce702) (ScriptedImporter) -> (artifact id: 'c6007a93b11ad2e9f5b532ce99968cb6') in 0.0274897 seconds
Number of updated asset objects reloaded before import = 0Number of asset objects unloaded after import = 26

========================================================================
Received Import Request.
  Time since last request: 0.000038 seconds.
  path: Assets/Proxy Games/Stylized Nature Kit Lite/Prefabs/Foliage/Bush
  artifactKey: Guid(5b77c6b990d4bf1448d6b10972c7a1ad) Importer(2089858483,192608db42251d675da83286b1cce702)
Start importing Assets/Proxy Games/Stylized Nature Kit Lite/Prefabs/Foliage/Bush using Guid(5b77c6b990d4bf1448d6b10972c7a1ad) Importer(2089858483,192608db42251d675da83286b1cce702) (ScriptedImporter) -> (artifact id: 'db2905d14d2e8e67c4910c4a35f92bc4') in 0.0198982 seconds
Number of updated asset objects reloaded before import = 0Number of asset objects unloaded after import = 1

========================================================================
Received Import Request.
  Time since last request: 0.000053 seconds.
  path: Assets/Proxy Games/Stylized Nature Kit Lite/Meshes/Rocks/Rock Cliffs/Rock Cliff 1.fbx
  artifactKey: Guid(0d471cc3db39dc847803964edbb2f4b4) Importer(2089858483,192608db42251d675da83286b1cce702)
Start importing Assets/Proxy Games/Stylized Nature Kit Lite/Meshes/Rocks/Rock Cliffs/Rock Cliff 1.fbx using Guid(0d471cc3db39dc847803964edbb2f4b4) Importer(2089858483,192608db42251d675da83286b1cce702) (ScriptedImporter) -> (artifact id: '925e965126375a677bb00df50fa76af6') in 0.0370191 seconds
Number of updated asset objects reloaded before import = 0Number of asset objects unloaded after import = 25

========================================================================
Received Import Request.
  Time since last request: 0.000034 seconds.
  path: Assets/Proxy Games/Stylized Nature Kit Lite/Meshes/Foliage/Bush/Bush.fbx
  artifactKey: Guid(c1d6b7954ca8dfe48885597ce4ef6e20) Importer(2089858483,192608db42251d675da83286b1cce702)
Start importing Assets/Proxy Games/Stylized Nature Kit Lite/Meshes/Foliage/Bush/Bush.fbx using Guid(c1d6b7954ca8dfe48885597ce4ef6e20) Importer(2089858483,192608db42251d675da83286b1cce702) (ScriptedImporter) -> (artifact id: 'b583a09af43f48aa6e618f86033e2580') in 0.0345081 seconds
Number of updated asset objects reloaded before import = 0Number of asset objects unloaded after import = 25

========================================================================
Received Import Request.
  Time since last request: 0.000053 seconds.
  path: Assets/Proxy Games/Stylized Nature Kit Lite/Meshes
  artifactKey: Guid(490be5dcc52958e43ab65270561df11d) Importer(2089858483,192608db42251d675da83286b1cce702)
Start importing Assets/Proxy Games/Stylized Nature Kit Lite/Meshes using Guid(490be5dcc52958e43ab65270561df11d) Importer(2089858483,192608db42251d675da83286b1cce702) (ScriptedImporter) -> (artifact id: 'e7634e08f2959342a774aad9b623f306') in 0.0199667 seconds
Number of updated asset objects reloaded before import = 0Number of asset objects unloaded after import = 1

========================================================================
Received Import Request.
  Time since last request: 0.000040 seconds.
  path: Assets/Proxy Games/Stylized Nature Kit Lite/Terrain
  artifactKey: Guid(034ca5588deabdf4fa603d0a04ffac75) Importer(2089858483,192608db42251d675da83286b1cce702)
Start importing Assets/Proxy Games/Stylized Nature Kit Lite/Terrain using Guid(034ca5588deabdf4fa603d0a04ffac75) Importer(2089858483,192608db42251d675da83286b1cce702) (ScriptedImporter) -> (artifact id: '1a080ee2d5c6b7ba663c45a908186448') in 0.0183566 seconds
Number of updated asset objects reloaded before import = 0Number of asset objects unloaded after import = 1

========================================================================
Received Import Request.
  Time since last request: 0.000031 seconds.
  path: Assets/Proxy Games/Stylized Nature Kit Lite/Prefabs/Foliage/Mushroom
  artifactKey: Guid(0f4b3ed5ed6373246bd7b7fe44d299f9) Importer(2089858483,192608db42251d675da83286b1cce702)
Start importing Assets/Proxy Games/Stylized Nature Kit Lite/Prefabs/Foliage/Mushroom using Guid(0f4b3ed5ed6373246bd7b7fe44d299f9) Importer(2089858483,192608db42251d675da83286b1cce702) (ScriptedImporter) -> (artifact id: 'e741168ac64d43183493aedde15b58b0') in 0.0199026 seconds
Number of updated asset objects reloaded before import = 0Number of asset objects unloaded after import = 1

========================================================================
Received Import Request.
  Time since last request: 0.000064 seconds.
  path: Assets/Proxy Games/Stylized Nature Kit Lite/Prefabs/Rocks/Rock Cliffs/Rock Cliff 1.prefab
  artifactKey: Guid(83145382902cecc4286a4f62b720fb37) Importer(2089858483,192608db42251d675da83286b1cce702)
Start importing Assets/Proxy Games/Stylized Nature Kit Lite/Prefabs/Rocks/Rock Cliffs/Rock Cliff 1.prefab using Guid(83145382902cecc4286a4f62b720fb37) Importer(2089858483,192608db42251d675da83286b1cce702) (ScriptedImporter) -> (artifact id: '276e15e5f1350aa47190a3f329e7c7b5') in 0.0289045 seconds
Number of updated asset objects reloaded before import = 0Number of asset objects unloaded after import = 26

========================================================================
Received Import Request.
  Time since last request: 0.000031 seconds.
  path: Assets/Proxy Games/Stylized Nature Kit Lite/Prefabs/Water/Flat Water.prefab
  artifactKey: Guid(5fefc0dfb09c11f4f8e6f283b9e9aa33) Importer(2089858483,192608db42251d675da83286b1cce702)
Start importing Assets/Proxy Games/Stylized Nature Kit Lite/Prefabs/Water/Flat Water.prefab using Guid(5fefc0dfb09c11f4f8e6f283b9e9aa33) Importer(2089858483,192608db42251d675da83286b1cce702) (ScriptedImporter) -> (artifact id: '138ca87033932ec5507a8b599a420b23') in 0.0700248 seconds
Number of updated asset objects reloaded before import = 0Number of asset objects unloaded after import = 9

========================================================================
Received Import Request.
  Time since last request: 0.000033 seconds.
  path: Assets/Proxy Games/Stylized Nature Kit Lite/Prefabs/Foliage/Log
  artifactKey: Guid(fd7f5660e069a2c4691879600b224836) Importer(2089858483,192608db42251d675da83286b1cce702)
Start importing Assets/Proxy Games/Stylized Nature Kit Lite/Prefabs/Foliage/Log using Guid(fd7f5660e069a2c4691879600b224836) Importer(2089858483,192608db42251d675da83286b1cce702) (ScriptedImporter) -> (artifact id: '9a1c93e1d74a182077f50c74102563b1') in 0.0197978 seconds
Number of updated asset objects reloaded before import = 0Number of asset objects unloaded after import = 1

========================================================================
Received Import Request.
  Time since last request: 0.000066 seconds.
  path: Assets/Proxy Games/Stylized Nature Kit Lite/Prefabs/Rocks/Rock Cliffs/Rock Cliff 3.prefab
  artifactKey: Guid(232241c4030929146b8c0b57349f65a4) Importer(2089858483,192608db42251d675da83286b1cce702)
Start importing Assets/Proxy Games/Stylized Nature Kit Lite/Prefabs/Rocks/Rock Cliffs/Rock Cliff 3.prefab using Guid(232241c4030929146b8c0b57349f65a4) Importer(2089858483,192608db42251d675da83286b1cce702) (ScriptedImporter) -> (artifact id: 'c680bedbc5bf49cea5b0f50a89161261') in 0.0266903 seconds
Number of updated asset objects reloaded before import = 0Number of asset objects unloaded after import = 26

========================================================================
Received Import Request.
  Time since last request: 0.000055 seconds.
  path: Assets/Proxy Games/Stylized Nature Kit Lite/Prefabs/Foliage/Flower
  artifactKey: Guid(d8ed560067edac2408d3297e5a0d1dd5) Importer(2089858483,192608db42251d675da83286b1cce702)
Start importing Assets/Proxy Games/Stylized Nature Kit Lite/Prefabs/Foliage/Flower using Guid(d8ed560067edac2408d3297e5a0d1dd5) Importer(2089858483,192608db42251d675da83286b1cce702) (ScriptedImporter) -> (artifact id: 'af4c8ef08c5b7e0c0681d2d2f48813e3') in 0.0187133 seconds
Number of updated asset objects reloaded before import = 0Number of asset objects unloaded after import = 1

========================================================================
Received Import Request.
  Time since last request: 0.000074 seconds.
  path: Assets/Proxy Games/Stylized Nature Kit Lite/Prefabs/Rocks/Mountain
  artifactKey: Guid(877e7b600192b08408a759651df26938) Importer(2089858483,192608db42251d675da83286b1cce702)
Start importing Assets/Proxy Games/Stylized Nature Kit Lite/Prefabs/Rocks/Mountain using Guid(877e7b600192b08408a759651df26938) Importer(2089858483,192608db42251d675da83286b1cce702) (ScriptedImporter) -> (artifact id: '0f77331feeab1ef56852d2f47de931a8') in 0.0208999 seconds
Number of updated asset objects reloaded before import = 0Number of asset objects unloaded after import = 1

========================================================================
Received Import Request.
  Time since last request: 0.000033 seconds.
  path: Assets/Proxy Games/Stylized Nature Kit Lite/Misc/FBXImporter.preset
  artifactKey: Guid(5794c11d8c8242443a7de9369a8d88a0) Importer(2089858483,192608db42251d675da83286b1cce702)
Start importing Assets/Proxy Games/Stylized Nature Kit Lite/Misc/FBXImporter.preset using Guid(5794c11d8c8242443a7de9369a8d88a0) Importer(2089858483,192608db42251d675da83286b1cce702) (ScriptedImporter) -> (artifact id: '6193c53166150cc185a560cd461b4dec') in 0.0357108 seconds
Number of updated asset objects reloaded before import = 0Number of asset objects unloaded after import = 1

========================================================================
Received Import Request.
  Time since last request: 0.000036 seconds.
  path: Assets/Proxy Games/Stylized Nature Kit Lite/Prefabs/Water/Detailed Water.prefab
  artifactKey: Guid(cdafd6d66f108e740a95731699638c87) Importer(2089858483,192608db42251d675da83286b1cce702)
Start importing Assets/Proxy Games/Stylized Nature Kit Lite/Prefabs/Water/Detailed Water.prefab using Guid(cdafd6d66f108e740a95731699638c87) Importer(2089858483,192608db42251d675da83286b1cce702) (ScriptedImporter) -> (artifact id: '2ff6b5dfc7b32797a2079643cccb1366') in 0.0323526 seconds
Number of updated asset objects reloaded before import = 0Number of asset objects unloaded after import = 26

========================================================================
Received Import Request.
  Time since last request: 0.000033 seconds.
  path: Assets/Proxy Games/Stylized Nature Kit Lite/Materials/Water.mat
  artifactKey: Guid(94ea32e4f0f6cab4e98928aadb7d9992) Importer(2089858483,192608db42251d675da83286b1cce702)
Start importing Assets/Proxy Games/Stylized Nature Kit Lite/Materials/Water.mat using Guid(94ea32e4f0f6cab4e98928aadb7d9992) Importer(2089858483,192608db42251d675da83286b1cce702) (ScriptedImporter) -> (artifact id: '193a63c9fdc0d192c3636d6ba0f21b12') in 0.0249295 seconds
Number of updated asset objects reloaded before import = 0Number of asset objects unloaded after import = 1

========================================================================
Received Import Request.
  Time since last request: 0.000046 seconds.
  path: Assets/Proxy Games/Stylized Nature Kit Lite/Misc/Lighting Settings.lighting
  artifactKey: Guid(e909468c3193f6944aa2a1ca7ac8f1ab) Importer(2089858483,192608db42251d675da83286b1cce702)
Start importing Assets/Proxy Games/Stylized Nature Kit Lite/Misc/Lighting Settings.lighting using Guid(e909468c3193f6944aa2a1ca7ac8f1ab) Importer(2089858483,192608db42251d675da83286b1cce702) (ScriptedImporter) -> (artifact id: 'b57fedc3e40fec8870c96d2ea9bdeba8') in 0.0291016 seconds
Number of updated asset objects reloaded before import = 0Number of asset objects unloaded after import = 1

========================================================================
Received Import Request.
  Time since last request: 0.000031 seconds.
  path: Assets/Proxy Games/Stylized Nature Kit Lite/Meshes/Rocks/Tiny Rocks/Tiny Rock 3.fbx
  artifactKey: Guid(91f51d8efd4ca164db9848f7adb60aa9) Importer(2089858483,192608db42251d675da83286b1cce702)
Start importing Assets/Proxy Games/Stylized Nature Kit Lite/Meshes/Rocks/Tiny Rocks/Tiny Rock 3.fbx using Guid(91f51d8efd4ca164db9848f7adb60aa9) Importer(2089858483,192608db42251d675da83286b1cce702) (ScriptedImporter) -> (artifact id: 'eba1d979e830f4b108a562db57177641') in 0.0320442 seconds
Number of updated asset objects reloaded before import = 0Number of asset objects unloaded after import = 25

========================================================================
Received Import Request.
  Time since last request: 0.000033 seconds.
  path: Assets/Proxy Games/Stylized Nature Kit Lite/Meshes/Rocks/Standard Rocks
  artifactKey: Guid(450daff176f0e3b44ab11c45ca4917cd) Importer(2089858483,192608db42251d675da83286b1cce702)
Start importing Assets/Proxy Games/Stylized Nature Kit Lite/Meshes/Rocks/Standard Rocks using Guid(450daff176f0e3b44ab11c45ca4917cd) Importer(2089858483,192608db42251d675da83286b1cce702) (ScriptedImporter) -> (artifact id: '1db363f37f8d7c44541181e3c7323837') in 0.0211957 seconds
Number of updated asset objects reloaded before import = 0Number of asset objects unloaded after import = 1

========================================================================
Received Import Request.
  Time since last request: 0.000033 seconds.
  path: Assets/Proxy Games/Stylized Nature Kit Lite/Prefabs/Rocks/Tiny Rocks/Tiny Rock 2.prefab
  artifactKey: Guid(c028bb40b798bbf4eb99d332debd4a2d) Importer(2089858483,192608db42251d675da83286b1cce702)
Start importing Assets/Proxy Games/Stylized Nature Kit Lite/Prefabs/Rocks/Tiny Rocks/Tiny Rock 2.prefab using Guid(c028bb40b798bbf4eb99d332debd4a2d) Importer(2089858483,192608db42251d675da83286b1cce702) (ScriptedImporter) -> (artifact id: 'e7c902aafbd94e99b9c05dd7a359bdce') in 0.027074 seconds
Number of updated asset objects reloaded before import = 0Number of asset objects unloaded after import = 26

========================================================================
Received Import Request.
  Time since last request: 0.000033 seconds.
  path: Assets/Proxy Games/Stylized Nature Kit Lite/Prefabs/Foliage/Trees
  artifactKey: Guid(6942ad79c09c70e46a7fab3b3ca8e4b3) Importer(2089858483,192608db42251d675da83286b1cce702)
Start importing Assets/Proxy Games/Stylized Nature Kit Lite/Prefabs/Foliage/Trees using Guid(6942ad79c09c70e46a7fab3b3ca8e4b3) Importer(2089858483,192608db42251d675da83286b1cce702) (ScriptedImporter) -> (artifact id: '8f184069997dedb5629df9aaad5d507e') in 0.0191263 seconds
Number of updated asset objects reloaded before import = 0Number of asset objects unloaded after import = 1

========================================================================
Received Import Request.
  Time since last request: 0.000044 seconds.
  path: Assets/Proxy Games/Stylized Nature Kit Lite/Meshes/Foliage/Grass/Grass.fbx
  artifactKey: Guid(b64664a15804c6a40b649fb352af0896) Importer(2089858483,192608db42251d675da83286b1cce702)
Start importing Assets/Proxy Games/Stylized Nature Kit Lite/Meshes/Foliage/Grass/Grass.fbx using Guid(b64664a15804c6a40b649fb352af0896) Importer(2089858483,192608db42251d675da83286b1cce702) (ScriptedImporter) -> (artifact id: 'd209955dfa508ca6f27754d87f69f990') in 0.0415797 seconds
Number of updated asset objects reloaded before import = 0Number of asset objects unloaded after import = 25

========================================================================
Received Import Request.
  Time since last request: 0.000046 seconds.
  path: Assets/Proxy Games/Stylized Nature Kit Lite/Scenes/Main Demo Scene
  artifactKey: Guid(9dacfa848fbab744d97f62a8f85c2aaa) Importer(2089858483,192608db42251d675da83286b1cce702)
Start importing Assets/Proxy Games/Stylized Nature Kit Lite/Scenes/Main Demo Scene using Guid(9dacfa848fbab744d97f62a8f85c2aaa) Importer(2089858483,192608db42251d675da83286b1cce702) (ScriptedImporter) -> (artifact id: '8c6f262170c72f3f8b4c2a0e96ed27e2') in 0.0292416 seconds
Number of updated asset objects reloaded before import = 0Number of asset objects unloaded after import = 1

========================================================================
Received Import Request.
  Time since last request: 0.000034 seconds.
  path: Assets/Proxy Games/Stylized Nature Kit Lite/Textures/Terrain Rock.png
  artifactKey: Guid(62b86bcfffa0aca4d9d67620fe50727a) Importer(2089858483,192608db42251d675da83286b1cce702)
Start importing Assets/Proxy Games/Stylized Nature Kit Lite/Textures/Terrain Rock.png using Guid(62b86bcfffa0aca4d9d67620fe50727a) Importer(2089858483,192608db42251d675da83286b1cce702) (ScriptedImporter) -> (artifact id: '5572a3b78d320fbe529a8fbc31a8d101') in 0.0292895 seconds
Number of updated asset objects reloaded before import = 0Number of asset objects unloaded after import = 1

========================================================================
Received Import Request.
  Time since last request: 0.000023 seconds.
  path: Assets/Proxy Games/Stylized Nature Kit Lite/Prefabs/Rocks/Tiny Rocks/Tiny Rock 3.prefab
  artifactKey: Guid(dcce7cb3aac7ef849b8b95a935ce65f5) Importer(2089858483,192608db42251d675da83286b1cce702)
Start importing Assets/Proxy Games/Stylized Nature Kit Lite/Prefabs/Rocks/Tiny Rocks/Tiny Rock 3.prefab using Guid(dcce7cb3aac7ef849b8b95a935ce65f5) Importer(2089858483,192608db42251d675da83286b1cce702) (ScriptedImporter) -> (artifact id: '6c0e194440f7e3a7a83ae0f015c652d3') in 0.0291635 seconds
Number of updated asset objects reloaded before import = 0Number of asset objects unloaded after import = 26

========================================================================
Received Import Request.
  Time since last request: 0.000039 seconds.
  path: Assets/Proxy Games/Stylized Nature Kit Lite/Prefabs/Foliage/Grass
  artifactKey: Guid(8ca3ea94bb0b6274295fa56ba3ca26dd) Importer(2089858483,192608db42251d675da83286b1cce702)
Start importing Assets/Proxy Games/Stylized Nature Kit Lite/Prefabs/Foliage/Grass using Guid(8ca3ea94bb0b6274295fa56ba3ca26dd) Importer(2089858483,192608db42251d675da83286b1cce702) (ScriptedImporter) -> (artifact id: 'ebbd5f0d186ed9aac1faff14cebadb6b') in 0.0214242 seconds
Number of updated asset objects reloaded before import = 0Number of asset objects unloaded after import = 1

========================================================================
Received Import Request.
  Time since last request: 0.000085 seconds.
  path: Assets/Proxy Games/Stylized Nature Kit Lite/Scenes/Main Demo Scene/OcclusionCullingData.asset
  artifactKey: Guid(bff6dc88bbfda014fbf2e9437dd3151e) Importer(2089858483,192608db42251d675da83286b1cce702)
Start importing Assets/Proxy Games/Stylized Nature Kit Lite/Scenes/Main Demo Scene/OcclusionCullingData.asset using Guid(bff6dc88bbfda014fbf2e9437dd3151e) Importer(2089858483,192608db42251d675da83286b1cce702) (ScriptedImporter) -> (artifact id: '48fc52961246b83afb6d8c807a5f736e') in 0.0260181 seconds
Number of updated asset objects reloaded before import = 0Number of asset objects unloaded after import = 1

========================================================================
Received Import Request.
  Time since last request: 0.000037 seconds.
  path: Assets/Free Stylized Skybox/ReadMe.txt
  artifactKey: Guid(a86ec5db966ebbe45aba28c70be3c459) Importer(2089858483,192608db42251d675da83286b1cce702)
Start importing Assets/Free Stylized Skybox/ReadMe.txt using Guid(a86ec5db966ebbe45aba28c70be3c459) Importer(2089858483,192608db42251d675da83286b1cce702) (ScriptedImporter) -> (artifact id: 'd464cd70d7e232fd7939b9567461ddfa') in 0.0266718 seconds
Number of updated asset objects reloaded before import = 0Number of asset objects unloaded after import = 1

========================================================================
Received Import Request.
  Time since last request: 0.000030 seconds.
  path: Assets/Proxy Games/Stylized Nature Kit Lite/Textures/Terrain Sand.png
  artifactKey: Guid(18767515632688f499ed3ab96d14fe56) Importer(2089858483,192608db42251d675da83286b1cce702)
Start importing Assets/Proxy Games/Stylized Nature Kit Lite/Textures/Terrain Sand.png using Guid(18767515632688f499ed3ab96d14fe56) Importer(2089858483,192608db42251d675da83286b1cce702) (ScriptedImporter) -> (artifact id: 'a6bca78deb18675ba51fd129f9b59c10') in 0.0331655 seconds
Number of updated asset objects reloaded before import = 0Number of asset objects unloaded after import = 1

========================================================================
Received Import Request.
  Time since last request: 0.000047 seconds.
  path: Assets/Proxy Games/Stylized Nature Kit Lite/Prefabs/Foliage/Trees/Spruce 2.prefab
  artifactKey: Guid(04054a3651be51d4193414f850cf6bde) Importer(2089858483,192608db42251d675da83286b1cce702)
Start importing Assets/Proxy Games/Stylized Nature Kit Lite/Prefabs/Foliage/Trees/Spruce 2.prefab using Guid(04054a3651be51d4193414f850cf6bde) Importer(2089858483,192608db42251d675da83286b1cce702) (ScriptedImporter) -> (artifact id: '89473d3c32fdf0ae7cd94b5cce8d2df5') in 0.0522843 seconds
Number of updated asset objects reloaded before import = 0Number of asset objects unloaded after import = 26

========================================================================
Received Import Request.
  Time since last request: 0.000036 seconds.
  path: Assets/Proxy Games/Stylized Nature Kit Lite/Prefabs/Foliage/Log/Log.prefab
  artifactKey: Guid(4b21e533c871dba4bb5c56ba22947be8) Importer(2089858483,192608db42251d675da83286b1cce702)
Start importing Assets/Proxy Games/Stylized Nature Kit Lite/Prefabs/Foliage/Log/Log.prefab using Guid(4b21e533c871dba4bb5c56ba22947be8) Importer(2089858483,192608db42251d675da83286b1cce702) (ScriptedImporter) -> (artifact id: '8d5f6fcea9c2ed2ea91c478f29a91698') in 0.0304448 seconds
Number of updated asset objects reloaded before import = 0Number of asset objects unloaded after import = 30

========================================================================
Received Import Request.
  Time since last request: 0.000043 seconds.
  path: Assets/Proxy Games/Stylized Nature Kit Lite/Misc/HDRI.hdr
  artifactKey: Guid(83d5c6c30d68b7e4498cfef8c6e2a35a) Importer(2089858483,192608db42251d675da83286b1cce702)
Start importing Assets/Proxy Games/Stylized Nature Kit Lite/Misc/HDRI.hdr using Guid(83d5c6c30d68b7e4498cfef8c6e2a35a) Importer(2089858483,192608db42251d675da83286b1cce702) (ScriptedImporter) -> (artifact id: '609613535878a3f535b9b30ee8d82332') in 0.0615422 seconds
Number of updated asset objects reloaded before import = 0Number of asset objects unloaded after import = 1

========================================================================
Received Import Request.
  Time since last request: 0.000031 seconds.
  path: Assets/Free Stylized Skybox/Panoramic/Textures/Sky_Anime_03_Day_a.png
  artifactKey: Guid(f533b109bd941ea44b93a29274d4eef9) Importer(2089858483,192608db42251d675da83286b1cce702)
Start importing Assets/Free Stylized Skybox/Panoramic/Textures/Sky_Anime_03_Day_a.png using Guid(f533b109bd941ea44b93a29274d4eef9) Importer(2089858483,192608db42251d675da83286b1cce702) (ScriptedImporter) -> (artifact id: 'e3e8fdf96b1f55f6ec97f895c459009a') in 0.0900468 seconds
Number of updated asset objects reloaded before import = 0Number of asset objects unloaded after import = 1

========================================================================
Received Import Request.
  Time since last request: 0.000063 seconds.
  path: Assets/Proxy Games/Stylized Nature Kit Lite/Meshes/Rocks/Standard Rocks/Standard Rock 2.fbx
  artifactKey: Guid(323a7477ca2ea464f86036cee8f21021) Importer(2089858483,192608db42251d675da83286b1cce702)
Start importing Assets/Proxy Games/Stylized Nature Kit Lite/Meshes/Rocks/Standard Rocks/Standard Rock 2.fbx using Guid(323a7477ca2ea464f86036cee8f21021) Importer(2089858483,192608db42251d675da83286b1cce702) (ScriptedImporter) -> (artifact id: 'f5091e0a44578301238082fa0b7f945b') in 0.0578009 seconds
Number of updated asset objects reloaded before import = 0Number of asset objects unloaded after import = 25

========================================================================
Received Import Request.
  Time since last request: 0.000058 seconds.
  path: Assets/Proxy Games/Stylized Nature Kit Lite/Prefabs/Rocks/Standard Rocks/Standard Rock 4.prefab
  artifactKey: Guid(20fad3f1d6cf65941bfcaaaab93a4d09) Importer(2089858483,192608db42251d675da83286b1cce702)
Start importing Assets/Proxy Games/Stylized Nature Kit Lite/Prefabs/Rocks/Standard Rocks/Standard Rock 4.prefab using Guid(20fad3f1d6cf65941bfcaaaab93a4d09) Importer(2089858483,192608db42251d675da83286b1cce702) (ScriptedImporter) -> (artifact id: '95bcdb723741168f8d1fa7dae070aac8') in 0.0295868 seconds
Number of updated asset objects reloaded before import = 0Number of asset objects unloaded after import = 26

========================================================================
Received Import Request.
  Time since last request: 0.000042 seconds.
  path: Assets/Proxy Games/Stylized Nature Kit Lite/Prefabs/Rocks/Rock Cliffs/Rock Cliff 5.prefab
  artifactKey: Guid(4462df8489303ba448bfd5971b82232f) Importer(2089858483,192608db42251d675da83286b1cce702)
Start importing Assets/Proxy Games/Stylized Nature Kit Lite/Prefabs/Rocks/Rock Cliffs/Rock Cliff 5.prefab using Guid(4462df8489303ba448bfd5971b82232f) Importer(2089858483,192608db42251d675da83286b1cce702) (ScriptedImporter) -> (artifact id: '5195a70d8aaa8df569d7ceb5d3199d44') in 0.0284018 seconds
Number of updated asset objects reloaded before import = 0Number of asset objects unloaded after import = 26

========================================================================
Received Import Request.
  Time since last request: 0.000037 seconds.
  path: Assets/Proxy Games/Stylized Nature Kit Lite/Prefabs/Foliage/Branch/Branch.prefab
  artifactKey: Guid(362fbd4477668ab4a956faef2e191ccf) Importer(2089858483,192608db42251d675da83286b1cce702)
Start importing Assets/Proxy Games/Stylized Nature Kit Lite/Prefabs/Foliage/Branch/Branch.prefab using Guid(362fbd4477668ab4a956faef2e191ccf) Importer(2089858483,192608db42251d675da83286b1cce702) (ScriptedImporter) -> (artifact id: '1c22cb4bcbce73ef6454e68cfad9af4f') in 0.0275231 seconds
Number of updated asset objects reloaded before import = 0Number of asset objects unloaded after import = 26

========================================================================
Received Import Request.
  Time since last request: 0.000032 seconds.
  path: Assets/Free Stylized Skybox/CubeMap/Materials/Sky_Anime_11_morning_a.mat
  artifactKey: Guid(8162517b6ec2309499f99e303b29f146) Importer(2089858483,192608db42251d675da83286b1cce702)
Start importing Assets/Free Stylized Skybox/CubeMap/Materials/Sky_Anime_11_morning_a.mat using Guid(8162517b6ec2309499f99e303b29f146) Importer(2089858483,192608db42251d675da83286b1cce702) (ScriptedImporter) -> (artifact id: 'e7421cd9338265fb2f1118c529afb36a') in 0.1489499 seconds
Number of updated asset objects reloaded before import = 0Number of asset objects unloaded after import = 2

========================================================================
Received Import Request.
  Time since last request: 0.000040 seconds.
  path: Assets/Proxy Games/Stylized Nature Kit Lite/Materials/Grid.mat
  artifactKey: Guid(bf347159a764ca24981a4a8fdde2dcec) Importer(2089858483,192608db42251d675da83286b1cce702)
Start importing Assets/Proxy Games/Stylized Nature Kit Lite/Materials/Grid.mat using Guid(bf347159a764ca24981a4a8fdde2dcec) Importer(2089858483,192608db42251d675da83286b1cce702) (ScriptedImporter) -> (artifact id: '4539ad79b840f4177d643daf9dd2b0c4') in 0.0297334 seconds
Number of updated asset objects reloaded before import = 0Number of asset objects unloaded after import = 2

========================================================================
Received Import Request.
  Time since last request: 0.000042 seconds.
  path: Assets/Proxy Games/Stylized Nature Kit Lite/Meshes/Foliage/Trees/Spruce 1.fbx
  artifactKey: Guid(af68f6de6ee33a841b3b0572f41ddcad) Importer(2089858483,192608db42251d675da83286b1cce702)
Start importing Assets/Proxy Games/Stylized Nature Kit Lite/Meshes/Foliage/Trees/Spruce 1.fbx using Guid(af68f6de6ee33a841b3b0572f41ddcad) Importer(2089858483,192608db42251d675da83286b1cce702) (ScriptedImporter) -> (artifact id: '6a153474fdfa8e79594d77fbb5c95b37') in 0.0696058 seconds
Number of updated asset objects reloaded before import = 0Number of asset objects unloaded after import = 25

========================================================================
Received Import Request.
  Time since last request: 0.000038 seconds.
  path: Assets/Free Stylized Skybox/Panoramic/Textures/Sky_Anime_18_day_a.png
  artifactKey: Guid(79d597b1e21ad6f43a22cf1308281022) Importer(2089858483,192608db42251d675da83286b1cce702)
Start importing Assets/Free Stylized Skybox/Panoramic/Textures/Sky_Anime_18_day_a.png using Guid(79d597b1e21ad6f43a22cf1308281022) Importer(2089858483,192608db42251d675da83286b1cce702) (ScriptedImporter) -> (artifact id: '3ab6c9cb660d0d250e764874fb6cabbf') in 0.0715854 seconds
Number of updated asset objects reloaded before import = 0Number of asset objects unloaded after import = 1

========================================================================
Received Import Request.
  Time since last request: 0.000031 seconds.
  path: Assets/Free Stylized Skybox/Panoramic/Textures
  artifactKey: Guid(d9f8778e282034c4eb5dc5c46157aee9) Importer(2089858483,192608db42251d675da83286b1cce702)
Start importing Assets/Free Stylized Skybox/Panoramic/Textures using Guid(d9f8778e282034c4eb5dc5c46157aee9) Importer(2089858483,192608db42251d675da83286b1cce702) (ScriptedImporter) -> (artifact id: '138740f74c946c8f560d894b3eb0f6d4') in 0.0204429 seconds
Number of updated asset objects reloaded before import = 0Number of asset objects unloaded after import = 1

========================================================================
Received Import Request.
  Time since last request: 0.000043 seconds.
  path: Assets/Proxy Games/Stylized Nature Kit Lite/Meshes/Foliage/Mushroom
  artifactKey: Guid(b86e2205690d9064eacc41de7422e16f) Importer(2089858483,192608db42251d675da83286b1cce702)
Start importing Assets/Proxy Games/Stylized Nature Kit Lite/Meshes/Foliage/Mushroom using Guid(b86e2205690d9064eacc41de7422e16f) Importer(2089858483,192608db42251d675da83286b1cce702) (ScriptedImporter) -> (artifact id: '9f7e0b4c45a9bbd812c4e9f267ae9a18') in 0.0203445 seconds
Number of updated asset objects reloaded before import = 0Number of asset objects unloaded after import = 1

========================================================================
Received Import Request.
  Time since last request: 0.000046 seconds.
  path: Assets/Free Stylized Skybox/CubeMap/Textures/Sky_LowPoly_02_Night_a.png
  artifactKey: Guid(b4503954fd147c94180872808dde9eb3) Importer(2089858483,192608db42251d675da83286b1cce702)
Start importing Assets/Free Stylized Skybox/CubeMap/Textures/Sky_LowPoly_02_Night_a.png using Guid(b4503954fd147c94180872808dde9eb3) Importer(2089858483,192608db42251d675da83286b1cce702) (ScriptedImporter) -> (artifact id: '27c46c5055f011db4f08141e0124e1d1') in 0.1529334 seconds
Number of updated asset objects reloaded before import = 0Number of asset objects unloaded after import = 1

========================================================================
Received Import Request.
  Time since last request: 349.552072 seconds.
  path: Assets/Proxy Games/Stylized Nature Kit Lite/Materials/Color Palette.mat
  artifactKey: Guid(b725cacc7387b1f4e991c4bdfcd832c8) Importer(815301076,1909f56bfc062723c751e8b465ee728b)
Start importing Assets/Proxy Games/Stylized Nature Kit Lite/Materials/Color Palette.mat using Guid(b725cacc7387b1f4e991c4bdfcd832c8) Importer(815301076,1909f56bfc062723c751e8b465ee728b) (PreviewImporter) -> (artifact id: 'c192207692bd205d9efd4925e31a02e5') in 0.0288816 seconds
Number of updated asset objects reloaded before import = 0Number of asset objects unloaded after import = 2

========================================================================
Received Import Request.
  Time since last request: 0.000035 seconds.
  path: Assets/Proxy Games/Stylized Nature Kit Lite/Materials/Flower Leaf.mat
  artifactKey: Guid(be6a741af13d50f41b8befdd255bf584) Importer(815301076,1909f56bfc062723c751e8b465ee728b)
Start importing Assets/Proxy Games/Stylized Nature Kit Lite/Materials/Flower Leaf.mat using Guid(be6a741af13d50f41b8befdd255bf584) Importer(815301076,1909f56bfc062723c751e8b465ee728b) (PreviewImporter) -> (artifact id: 'e4699e20e3b7606d279e1c59bc636f72') in 0.0113594 seconds
Number of updated asset objects reloaded before import = 0Number of asset objects unloaded after import = 2

========================================================================
Received Import Request.
  Time since last request: 0.000052 seconds.
  path: Assets/Proxy Games/Stylized Nature Kit Lite/Misc/Doctor Glitch.otf
  artifactKey: Guid(b4b8947316b54ed4cad6c212041ef7f6) Importer(815301076,1909f56bfc062723c751e8b465ee728b)
Start importing Assets/Proxy Games/Stylized Nature Kit Lite/Misc/Doctor Glitch.otf using Guid(b4b8947316b54ed4cad6c212041ef7f6) Importer(815301076,1909f56bfc062723c751e8b465ee728b) (PreviewImporter) -> (artifact id: '7bc9a146ac7068a679d87d70cd661e70') in 0.1093679 seconds
Number of updated asset objects reloaded before import = 0Number of asset objects unloaded after import = 4

========================================================================
Received Import Request.
  Time since last request: 0.000048 seconds.
  path: Assets/Proxy Games/Stylized Nature Kit Lite/Materials/Flower.mat
  artifactKey: Guid(e9427a28f20c6f24083418e09b767a8d) Importer(815301076,1909f56bfc062723c751e8b465ee728b)
Start importing Assets/Proxy Games/Stylized Nature Kit Lite/Materials/Flower.mat using Guid(e9427a28f20c6f24083418e09b767a8d) Importer(815301076,1909f56bfc062723c751e8b465ee728b) (PreviewImporter) -> (artifact id: '5e8ceb560b908e3dc3060caeb223039d') in 0.0115368 seconds
Number of updated asset objects reloaded before import = 0Number of asset objects unloaded after import = 2

Editor requested this worker to shutdown with reason: Scaling down because of idle timeout
AssetImportWorker is now disconnected from the server
Process exiting
Exiting without the bug reporter. Application will terminate with return code 0