Using pre-set license
Built from '6000.0/staging' branch; Version is '6000.0.40f1 (157d81624ddf) revision 1408385'; Using compiler version '193933523'; Build Type 'Release'
OS: 'Windows 11  (10.0.26100) 64bit Core' Language: 'en' Physical Memory: 7918 MB
BatchMode: 1, IsHumanControllingUs: 0, StartBugReporterOnCrash: 0, Is64bit: 1, IsPro: 1

COMMAND LINE ARGUMENTS:
D:\l1tom\6000.0.40f1\Editor\Unity.exe
-adb2
-batchMode
-noUpm
-name
AssetImportWorker1
-projectPath
C:/Users/l1tom/baratelli adventures
-logFile
Logs/AssetImportWorker1.log
-srvPort
54072
-job-worker-count
5
-background-job-worker-count
8
-gc-helper-count
1
Successfully changed project path to: C:/Users/l1tom/baratelli adventures
C:/Users/l1tom/baratelli adventures
[UnityMemory] Configuration Parameters - Can be set up in boot.config
    "memorysetup-bucket-allocator-granularity=16"
    "memorysetup-bucket-allocator-bucket-count=8"
    "memorysetup-bucket-allocator-block-size=33554432"
    "memorysetup-bucket-allocator-block-count=8"
    "memorysetup-main-allocator-block-size=16777216"
    "memorysetup-thread-allocator-block-size=16777216"
    "memorysetup-gfx-main-allocator-block-size=16777216"
    "memorysetup-gfx-thread-allocator-block-size=16777216"
    "memorysetup-cache-allocator-block-size=4194304"
    "memorysetup-typetree-allocator-block-size=2097152"
    "memorysetup-profiler-bucket-allocator-granularity=16"
    "memorysetup-profiler-bucket-allocator-bucket-count=8"
    "memorysetup-profiler-bucket-allocator-block-size=33554432"
    "memorysetup-profiler-bucket-allocator-block-count=8"
    "memorysetup-profiler-allocator-block-size=16777216"
    "memorysetup-profiler-editor-allocator-block-size=1048576"
    "memorysetup-temp-allocator-size-main=16777216"
    "memorysetup-job-temp-allocator-block-size=2097152"
    "memorysetup-job-temp-allocator-block-size-background=1048576"
    "memorysetup-job-temp-allocator-reduction-small-platforms=262144"
    "memorysetup-allocator-temp-initial-block-size-main=262144"
    "memorysetup-allocator-temp-initial-block-size-worker=262144"
    "memorysetup-temp-allocator-size-background-worker=32768"
    "memorysetup-temp-allocator-size-job-worker=262144"
    "memorysetup-temp-allocator-size-preload-manager=33554432"
    "memorysetup-temp-allocator-size-nav-mesh-worker=65536"
    "memorysetup-temp-allocator-size-audio-worker=65536"
    "memorysetup-temp-allocator-size-cloud-worker=32768"
    "memorysetup-temp-allocator-size-gi-baking-worker=262144"
    "memorysetup-temp-allocator-size-gi-baking-worker=262144"
    "memorysetup-temp-allocator-size-gi-baking-worker=262144"
    "memorysetup-temp-allocator-size-gi-baking-worker=262144"
    "memorysetup-temp-allocator-size-gi-baking-worker=262144"
    "memorysetup-temp-allocator-size-gfx=262144"
Player connection [13968]  Target information:

Player connection [13968]  * "[IP] 26.175.147.144 [Port] 0 [Flags] 2 [Guid] 216876304 [EditorId] 216876304 [Version] 1048832 [Id] WindowsEditor(7,L1) [Debug] 1 [PackageName] WindowsEditor [ProjectName] Editor" 

Player connection [13968]  * "[IP] 192.168.2.4 [Port] 0 [Flags] 2 [Guid] 216876304 [EditorId] 216876304 [Version] 1048832 [Id] WindowsEditor(7,L1) [Debug] 1 [PackageName] WindowsEditor [ProjectName] Editor" 

Player connection [13968] Host joined multi-casting on [225.0.0.222:54997]...
Player connection [13968] Host joined alternative multi-casting on [225.0.0.222:34997]...
JobSystem: Creating JobQueue using job-worker-count value 5
Input System module state changed to: Initialized.
[Physics::Module] Initialized fallback backend.
[Physics::Module] Id: 0xdecafbad
Library Redirect Path: Library/
[Physics::Module] Selected backend.
[Physics::Module] Name: PhysX
[Physics::Module] Id: 0xf2b8ea05
[Physics::Module] SDK Version: 4.1.2
[Physics::Module] Integration Version: 1.0.0
[Physics::Module] Threading Mode: Multi-Threaded
Refreshing native plugins compatible for Editor in 9.61 ms, found 4 plugins.
Preloading 0 native plugins for Editor in 0.00 ms.
Initialize engine version: 6000.0.40f1 (157d81624ddf)
[Subsystems] Discovering subsystems at path D:/l1tom/6000.0.40f1/Editor/Data/Resources/UnitySubsystems
[Subsystems] Discovering subsystems at path C:/Users/l1tom/baratelli adventures/Assets
GfxDevice: creating device client; kGfxThreadingModeNonThreaded
Direct3D:
    Version:  Direct3D 11.0 [level 11.1]
    Renderer: Intel(R) UHD Graphics (ID=0x46a3)
    Vendor:   Intel
    VRAM:     3959 MB
    Driver:   31.0.101.3358
Initialize mono
Mono path[0] = 'D:/l1tom/6000.0.40f1/Editor/Data/Managed'
Mono path[1] = 'D:/l1tom/6000.0.40f1/Editor/Data/MonoBleedingEdge/lib/mono/unityjit-win32'
Mono config path = 'D:/l1tom/6000.0.40f1/Editor/Data/MonoBleedingEdge/etc'
Using monoOptions --debugger-agent=transport=dt_socket,embedding=1,server=y,suspend=n,address=127.0.0.1:56364
Begin MonoManager ReloadAssembly
Registering precompiled unity dll's ...
Register platform support module: D:/l1tom/6000.0.40f1/Editor/Data/PlaybackEngines/WindowsStandaloneSupport/UnityEditor.WindowsStandalone.Extensions.dll
Registered in 0.002854 seconds.
- Loaded All Assemblies, in  0.501 seconds
Native extension for WindowsStandalone target not found
Mono: successfully reloaded assembly
- Finished resetting the current domain, in  0.401 seconds
Domain Reload Profiling: 902ms
	BeginReloadAssembly (215ms)
		ExecutionOrderSort (0ms)
		DisableScriptedObjects (0ms)
		BackupInstance (0ms)
		ReleaseScriptingObjects (0ms)
		CreateAndSetChildDomain (2ms)
	RebuildCommonClasses (46ms)
	RebuildNativeTypeToScriptingClass (13ms)
	initialDomainReloadingComplete (52ms)
	LoadAllAssembliesAndSetupDomain (175ms)
		LoadAssemblies (212ms)
		RebuildTransferFunctionScriptingTraits (0ms)
		AnalyzeDomain (170ms)
			TypeCache.Refresh (169ms)
				TypeCache.ScanAssembly (152ms)
			BuildScriptInfoCaches (0ms)
			ResolveRequiredComponents (0ms)
	FinalizeReload (401ms)
		ReleaseScriptCaches (0ms)
		RebuildScriptCaches (0ms)
		SetupLoadedEditorAssemblies (342ms)
			LogAssemblyErrors (0ms)
			InitializePlatformSupportModulesInManaged (25ms)
			SetLoadedEditorAssemblies (4ms)
			BeforeProcessingInitializeOnLoad (67ms)
			ProcessInitializeOnLoadAttributes (199ms)
			ProcessInitializeOnLoadMethodAttributes (47ms)
			AfterProcessingInitializeOnLoad (0ms)
			EditorAssembliesLoaded (0ms)
		ExecutionOrderSort2 (0ms)
		AwakeInstancesAfterBackupRestoration (0ms)
========================================================================
Worker process is ready to serve import requests
Import Worker Mode flag is 0x00
Begin MonoManager ReloadAssembly
- Loaded All Assemblies, in  1.194 seconds
Refreshing native plugins compatible for Editor in 1.19 ms, found 4 plugins.
Native extension for WindowsStandalone target not found
Mono: successfully reloaded assembly
- Finished resetting the current domain, in  1.111 seconds
Domain Reload Profiling: 2302ms
	BeginReloadAssembly (192ms)
		ExecutionOrderSort (0ms)
		DisableScriptedObjects (7ms)
		BackupInstance (0ms)
		ReleaseScriptingObjects (0ms)
		CreateAndSetChildDomain (31ms)
	RebuildCommonClasses (43ms)
	RebuildNativeTypeToScriptingClass (20ms)
	initialDomainReloadingComplete (68ms)
	LoadAllAssembliesAndSetupDomain (868ms)
		LoadAssemblies (659ms)
		RebuildTransferFunctionScriptingTraits (0ms)
		AnalyzeDomain (327ms)
			TypeCache.Refresh (248ms)
				TypeCache.ScanAssembly (228ms)
			BuildScriptInfoCaches (65ms)
			ResolveRequiredComponents (11ms)
	FinalizeReload (1112ms)
		ReleaseScriptCaches (0ms)
		RebuildScriptCaches (0ms)
		SetupLoadedEditorAssemblies (852ms)
			LogAssemblyErrors (0ms)
			InitializePlatformSupportModulesInManaged (2ms)
			SetLoadedEditorAssemblies (4ms)
			BeforeProcessingInitializeOnLoad (145ms)
			ProcessInitializeOnLoadAttributes (517ms)
			ProcessInitializeOnLoadMethodAttributes (183ms)
			AfterProcessingInitializeOnLoad (1ms)
			EditorAssembliesLoaded (0ms)
		ExecutionOrderSort2 (0ms)
		AwakeInstancesAfterBackupRestoration (7ms)
Launched and connected shader compiler UnityShaderCompiler.exe after 0.01 seconds
Refreshing native plugins compatible for Editor in 1.29 ms, found 4 plugins.
Preloading 0 native plugins for Editor in 0.00 ms.
Unloading 207 Unused Serialized files (Serialized files now loaded: 0)
Unloading 6579 unused Assets / (7.0 MB). Loaded Objects now: 7226.
Memory consumption went from 173.4 MB to 166.3 MB.
Total: 16.269900 ms (FindLiveObjects: 1.731700 ms CreateObjectMapping: 0.681100 ms MarkObjects: 8.309200 ms  DeleteObjects: 5.545600 ms)

========================================================================
Received Import Request.
  Time since last request: 92692.057226 seconds.
  path: Assets/Free Stylized Skybox/CubeMap/Materials/Sky_Anime_03_Day_a.mat
  artifactKey: Guid(55e64e617a8bfff4ba846574e2651eb9) Importer(815301076,1909f56bfc062723c751e8b465ee728b)
Start importing Assets/Free Stylized Skybox/CubeMap/Materials/Sky_Anime_03_Day_a.mat using Guid(55e64e617a8bfff4ba846574e2651eb9) Importer(815301076,1909f56bfc062723c751e8b465ee728b) (PreviewImporter) -> (artifact id: '6b9a1b7afb601103b5c7239f9a6814f9') in 1.2955935 seconds
Number of updated asset objects reloaded before import = 0Number of asset objects unloaded after import = 3

========================================================================
Received Import Request.
  Time since last request: 1.506378 seconds.
  path: Assets/Free Stylized Skybox/Panoramic/Materials/Sky_Anime_18_day_a.mat
  artifactKey: Guid(f9ec1c0318dcc3149b0e9ae62a6d8cdf) Importer(815301076,1909f56bfc062723c751e8b465ee728b)
Start importing Assets/Free Stylized Skybox/Panoramic/Materials/Sky_Anime_18_day_a.mat using Guid(f9ec1c0318dcc3149b0e9ae62a6d8cdf) Importer(815301076,1909f56bfc062723c751e8b465ee728b) (PreviewImporter) -> (artifact id: '7789529e838aa9d6a3b7421e2f328455') in 0.2682374 seconds
Number of updated asset objects reloaded before import = 0Number of asset objects unloaded after import = 3

========================================================================
Received Import Request.
  Time since last request: 0.000038 seconds.
  path: Assets/Free Stylized Skybox/Panoramic/Materials/Sky_LowPoly_02_Night_a.mat
  artifactKey: Guid(aa87107d0c3535c4983a4edb2d0e9f7b) Importer(815301076,1909f56bfc062723c751e8b465ee728b)
Start importing Assets/Free Stylized Skybox/Panoramic/Materials/Sky_LowPoly_02_Night_a.mat using Guid(aa87107d0c3535c4983a4edb2d0e9f7b) Importer(815301076,1909f56bfc062723c751e8b465ee728b) (PreviewImporter) -> (artifact id: 'dca588514ac17cd712da221e8b6d89ee') in 0.2323209 seconds
Number of updated asset objects reloaded before import = 0Number of asset objects unloaded after import = 3

========================================================================
Received Import Request.
  Time since last request: 270.948903 seconds.
  path: Assets/Settings/Renderer2D.asset
  artifactKey: Guid(424799608f7334c24bf367e4bbfa7f9a) Importer(815301076,1909f56bfc062723c751e8b465ee728b)
Start importing Assets/Settings/Renderer2D.asset using Guid(424799608f7334c24bf367e4bbfa7f9a) Importer(815301076,1909f56bfc062723c751e8b465ee728b) (PreviewImporter) -> (artifact id: '403a0a9c0aeae1e5730532c1b4a28511') in 0.0184275 seconds
Number of updated asset objects reloaded before import = 0Number of asset objects unloaded after import = 0

========================================================================
Received Import Request.
  Time since last request: 0.000368 seconds.
  path: Assets/Settings/UniversalRP.asset
  artifactKey: Guid(681886c5eb7344803b6206f758bf0b1c) Importer(815301076,1909f56bfc062723c751e8b465ee728b)
Start importing Assets/Settings/UniversalRP.asset using Guid(681886c5eb7344803b6206f758bf0b1c) Importer(815301076,1909f56bfc062723c751e8b465ee728b) (PreviewImporter) -> (artifact id: '910a3316ce45b604f98c2ad003aa3cfb') in 0.0020195 seconds
Number of updated asset objects reloaded before import = 0Number of asset objects unloaded after import = 0

========================================================================
Received Prepare
Begin MonoManager ReloadAssembly
- Loaded All Assemblies, in  7.788 seconds
Refreshing native plugins compatible for Editor in 5.00 ms, found 4 plugins.
Native extension for WindowsStandalone target not found
Mono: successfully reloaded assembly
- Finished resetting the current domain, in  1.676 seconds
Domain Reload Profiling: 9478ms
	BeginReloadAssembly (4089ms)
		ExecutionOrderSort (26ms)
		DisableScriptedObjects (1213ms)
		BackupInstance (0ms)
		ReleaseScriptingObjects (7ms)
		CreateAndSetChildDomain (1488ms)
	RebuildCommonClasses (143ms)
	RebuildNativeTypeToScriptingClass (52ms)
	initialDomainReloadingComplete (140ms)
	LoadAllAssembliesAndSetupDomain (3377ms)
		LoadAssemblies (3106ms)
		RebuildTransferFunctionScriptingTraits (0ms)
		AnalyzeDomain (809ms)
			TypeCache.Refresh (470ms)
				TypeCache.ScanAssembly (396ms)
			BuildScriptInfoCaches (292ms)
			ResolveRequiredComponents (34ms)
	FinalizeReload (1677ms)
		ReleaseScriptCaches (0ms)
		RebuildScriptCaches (0ms)
		SetupLoadedEditorAssemblies (1272ms)
			LogAssemblyErrors (0ms)
			InitializePlatformSupportModulesInManaged (5ms)
			SetLoadedEditorAssemblies (9ms)
			BeforeProcessingInitializeOnLoad (330ms)
			ProcessInitializeOnLoadAttributes (841ms)
			ProcessInitializeOnLoadMethodAttributes (85ms)
			AfterProcessingInitializeOnLoad (2ms)
			EditorAssembliesLoaded (0ms)
		ExecutionOrderSort2 (0ms)
		AwakeInstancesAfterBackupRestoration (15ms)
Refreshing native plugins compatible for Editor in 1.86 ms, found 4 plugins.
Preloading 0 native plugins for Editor in 0.00 ms.
Unloading 79 Unused Serialized files (Serialized files now loaded: 0)
Unloading 6710 unused Assets / (11.3 MB). Loaded Objects now: 7392.
Memory consumption went from 169.1 MB to 157.8 MB.
Total: 16.921200 ms (FindLiveObjects: 1.705900 ms CreateObjectMapping: 0.586900 ms MarkObjects: 7.913000 ms  DeleteObjects: 6.712400 ms)

Prepare: number of updated asset objects reloaded= 0
========================================================================
Received Import Request.
  Time since last request: 341.176383 seconds.
  path: Assets/Proxy Games/Stylized Nature Kit Lite/Meshes/Foliage/Bush/Bush.fbx
  artifactKey: Guid(c1d6b7954ca8dfe48885597ce4ef6e20) Importer(815301076,1909f56bfc062723c751e8b465ee728b)
Start importing Assets/Proxy Games/Stylized Nature Kit Lite/Meshes/Foliage/Bush/Bush.fbx using Guid(c1d6b7954ca8dfe48885597ce4ef6e20) Importer(815301076,1909f56bfc062723c751e8b465ee728b) (PreviewImporter) -> (artifact id: 'f481dddaa5ca1fc024a4d19d7ebb2d34') in 0.9871453 seconds
Number of updated asset objects reloaded before import = 0Number of asset objects unloaded after import = 28

========================================================================
Received Import Request.
  Time since last request: 0.000077 seconds.
  path: Assets/Proxy Games/Stylized Nature Kit Lite/Meshes/Rocks/Rock Cliffs/Rock Cliff 1.fbx
  artifactKey: Guid(0d471cc3db39dc847803964edbb2f4b4) Importer(815301076,1909f56bfc062723c751e8b465ee728b)
Start importing Assets/Proxy Games/Stylized Nature Kit Lite/Meshes/Rocks/Rock Cliffs/Rock Cliff 1.fbx using Guid(0d471cc3db39dc847803964edbb2f4b4) Importer(815301076,1909f56bfc062723c751e8b465ee728b) (PreviewImporter) -> (artifact id: '562bd42e46f83588fd8ab8ab6f6fd0e4') in 0.1474909 seconds
Number of updated asset objects reloaded before import = 0Number of asset objects unloaded after import = 27

========================================================================
Received Import Request.
  Time since last request: 0.000055 seconds.
  path: Assets/Proxy Games/Stylized Nature Kit Lite/Meshes/Foliage/Mushroom/Mushrooms Patch.fbx
  artifactKey: Guid(27c3f4d36f77dde429372ccba3513837) Importer(815301076,1909f56bfc062723c751e8b465ee728b)
Start importing Assets/Proxy Games/Stylized Nature Kit Lite/Meshes/Foliage/Mushroom/Mushrooms Patch.fbx using Guid(27c3f4d36f77dde429372ccba3513837) Importer(815301076,1909f56bfc062723c751e8b465ee728b) (PreviewImporter) -> (artifact id: '91676926c88a9aadad266827ce8b8389') in 0.0746186 seconds
Number of updated asset objects reloaded before import = 0Number of asset objects unloaded after import = 27

========================================================================
Received Import Request.
  Time since last request: 0.000037 seconds.
  path: Assets/Proxy Games/Stylized Nature Kit Lite/Meshes/Foliage/Flower/Flower.fbx
  artifactKey: Guid(46ceee1e0f8fec547ad8c36842afe15f) Importer(815301076,1909f56bfc062723c751e8b465ee728b)
Start importing Assets/Proxy Games/Stylized Nature Kit Lite/Meshes/Foliage/Flower/Flower.fbx using Guid(46ceee1e0f8fec547ad8c36842afe15f) Importer(815301076,1909f56bfc062723c751e8b465ee728b) (PreviewImporter) -> (artifact id: '8ae6fc385c931e3c217fe55a1f5ba27d') in 0.0694427 seconds
Number of updated asset objects reloaded before import = 0Number of asset objects unloaded after import = 31

========================================================================
Received Import Request.
  Time since last request: 0.000030 seconds.
  path: Assets/Proxy Games/Stylized Nature Kit Lite/Meshes/Rocks/Rock Cliffs/Rock Cliff 4.fbx
  artifactKey: Guid(22394c2ced239844aaa591e316acccfc) Importer(815301076,1909f56bfc062723c751e8b465ee728b)
Start importing Assets/Proxy Games/Stylized Nature Kit Lite/Meshes/Rocks/Rock Cliffs/Rock Cliff 4.fbx using Guid(22394c2ced239844aaa591e316acccfc) Importer(815301076,1909f56bfc062723c751e8b465ee728b) (PreviewImporter) -> (artifact id: '4f5a5e1504a51770ad57e0260c412e43') in 0.0729636 seconds
Number of updated asset objects reloaded before import = 0Number of asset objects unloaded after import = 27

========================================================================
Received Import Request.
  Time since last request: 0.000043 seconds.
  path: Assets/Proxy Games/Stylized Nature Kit Lite/Meshes/Rocks/Standard Rocks/Standard Rock 1.fbx
  artifactKey: Guid(872845ac0a2b8c6469d5e67ad0aba08e) Importer(815301076,1909f56bfc062723c751e8b465ee728b)
Start importing Assets/Proxy Games/Stylized Nature Kit Lite/Meshes/Rocks/Standard Rocks/Standard Rock 1.fbx using Guid(872845ac0a2b8c6469d5e67ad0aba08e) Importer(815301076,1909f56bfc062723c751e8b465ee728b) (PreviewImporter) -> (artifact id: '5256a8560233361c628e2fe62d27a46d') in 0.0778819 seconds
Number of updated asset objects reloaded before import = 0Number of asset objects unloaded after import = 27

========================================================================
Received Import Request.
  Time since last request: 0.000053 seconds.
  path: Assets/Proxy Games/Stylized Nature Kit Lite/Meshes/Rocks/Rock Cliffs/Rock Cliff 3.fbx
  artifactKey: Guid(2fdcdf62eef546646a69ae9ead49b843) Importer(815301076,1909f56bfc062723c751e8b465ee728b)
Start importing Assets/Proxy Games/Stylized Nature Kit Lite/Meshes/Rocks/Rock Cliffs/Rock Cliff 3.fbx using Guid(2fdcdf62eef546646a69ae9ead49b843) Importer(815301076,1909f56bfc062723c751e8b465ee728b) (PreviewImporter) -> (artifact id: '4b5dd65d27cda46ff788b88162884085') in 0.074964 seconds
Number of updated asset objects reloaded before import = 0Number of asset objects unloaded after import = 27

========================================================================
Received Import Request.
  Time since last request: 0.000035 seconds.
  path: Assets/Proxy Games/Stylized Nature Kit Lite/Meshes/Water/Flat Water.fbx
  artifactKey: Guid(85d113e10ceabf442b1ed61ade7d3b06) Importer(815301076,1909f56bfc062723c751e8b465ee728b)
Start importing Assets/Proxy Games/Stylized Nature Kit Lite/Meshes/Water/Flat Water.fbx using Guid(85d113e10ceabf442b1ed61ade7d3b06) Importer(815301076,1909f56bfc062723c751e8b465ee728b) (PreviewImporter) -> (artifact id: 'b2050b49a7f8125131f64cd3f9a67f3f') in 0.0593977 seconds
Number of updated asset objects reloaded before import = 0Number of asset objects unloaded after import = 8

========================================================================
Received Import Request.
  Time since last request: 0.000042 seconds.
  path: Assets/Proxy Games/Stylized Nature Kit Lite/Meshes/Foliage/Trees/Spruce 2.fbx
  artifactKey: Guid(9813ed0b3eddc834a8202f421870eeb2) Importer(815301076,1909f56bfc062723c751e8b465ee728b)
Start importing Assets/Proxy Games/Stylized Nature Kit Lite/Meshes/Foliage/Trees/Spruce 2.fbx using Guid(9813ed0b3eddc834a8202f421870eeb2) Importer(815301076,1909f56bfc062723c751e8b465ee728b) (PreviewImporter) -> (artifact id: '46f18390de520b7a8b4a9f24231ba01b') in 0.0974545 seconds
Number of updated asset objects reloaded before import = 0Number of asset objects unloaded after import = 29

========================================================================
Received Import Request.
  Time since last request: 0.000032 seconds.
  path: Assets/Proxy Games/Stylized Nature Kit Lite/Meshes/Foliage/Grass/Grass.fbx
  artifactKey: Guid(b64664a15804c6a40b649fb352af0896) Importer(815301076,1909f56bfc062723c751e8b465ee728b)
Start importing Assets/Proxy Games/Stylized Nature Kit Lite/Meshes/Foliage/Grass/Grass.fbx using Guid(b64664a15804c6a40b649fb352af0896) Importer(815301076,1909f56bfc062723c751e8b465ee728b) (PreviewImporter) -> (artifact id: 'c86b177555dc1efca9f27454bb5b5bfc') in 0.0862796 seconds
Number of updated asset objects reloaded before import = 0Number of asset objects unloaded after import = 27

========================================================================
Received Import Request.
  Time since last request: 0.000045 seconds.
  path: Assets/Proxy Games/Stylized Nature Kit Lite/Meshes/Rocks/Standard Rocks/Standard Rock 5.fbx
  artifactKey: Guid(650b26816a2483e4c972cd13717f309d) Importer(815301076,1909f56bfc062723c751e8b465ee728b)
Start importing Assets/Proxy Games/Stylized Nature Kit Lite/Meshes/Rocks/Standard Rocks/Standard Rock 5.fbx using Guid(650b26816a2483e4c972cd13717f309d) Importer(815301076,1909f56bfc062723c751e8b465ee728b) (PreviewImporter) -> (artifact id: 'b9f2119b913d4d054fff44e56e761a1c') in 0.0985623 seconds
Number of updated asset objects reloaded before import = 0Number of asset objects unloaded after import = 27

========================================================================
Received Import Request.
  Time since last request: 1.232496 seconds.
  path: Assets/Proxy Games/Stylized Nature Kit Lite/Meshes/Rocks/Tiny Rocks/Tiny Rock 2.fbx
  artifactKey: Guid(ad7daad3aa9a2a14a81709996b969b67) Importer(815301076,1909f56bfc062723c751e8b465ee728b)
Start importing Assets/Proxy Games/Stylized Nature Kit Lite/Meshes/Rocks/Tiny Rocks/Tiny Rock 2.fbx using Guid(ad7daad3aa9a2a14a81709996b969b67) Importer(815301076,1909f56bfc062723c751e8b465ee728b) (PreviewImporter) -> (artifact id: '3a7c3969941ce124713c93d009f22aae') in 0.0741112 seconds
Number of updated asset objects reloaded before import = 0Number of asset objects unloaded after import = 27

========================================================================
Received Import Request.
  Time since last request: 0.000056 seconds.
  path: Assets/Proxy Games/Stylized Nature Kit Lite/Meshes/Rocks/Tiny Rocks/Tiny Rock 3.fbx
  artifactKey: Guid(91f51d8efd4ca164db9848f7adb60aa9) Importer(815301076,1909f56bfc062723c751e8b465ee728b)
Start importing Assets/Proxy Games/Stylized Nature Kit Lite/Meshes/Rocks/Tiny Rocks/Tiny Rock 3.fbx using Guid(91f51d8efd4ca164db9848f7adb60aa9) Importer(815301076,1909f56bfc062723c751e8b465ee728b) (PreviewImporter) -> (artifact id: '2e4d9bd5169e6282692d2e3c6c071432') in 0.0755683 seconds
Number of updated asset objects reloaded before import = 0Number of asset objects unloaded after import = 27

========================================================================
Received Import Request.
  Time since last request: 377.551562 seconds.
  path: Assets/Proxy Games/Stylized Nature Kit Lite/Materials/Skybox 2.mat
  artifactKey: Guid(0abb308d27287d24c8430daeffdc8e46) Importer(815301076,1909f56bfc062723c751e8b465ee728b)
Start importing Assets/Proxy Games/Stylized Nature Kit Lite/Materials/Skybox 2.mat using Guid(0abb308d27287d24c8430daeffdc8e46) Importer(815301076,1909f56bfc062723c751e8b465ee728b) (PreviewImporter) -> (artifact id: '4e304d778075840079407cfc3b15ed15') in 0.3612961 seconds
Number of updated asset objects reloaded before import = 0Number of asset objects unloaded after import = 2

========================================================================
Received Import Request.
  Time since last request: 556.639553 seconds.
  path: Assets/Proxy Games/Stylized Nature Kit Lite/Materials/Grid.mat
  artifactKey: Guid(bf347159a764ca24981a4a8fdde2dcec) Importer(815301076,1909f56bfc062723c751e8b465ee728b)
Start importing Assets/Proxy Games/Stylized Nature Kit Lite/Materials/Grid.mat using Guid(bf347159a764ca24981a4a8fdde2dcec) Importer(815301076,1909f56bfc062723c751e8b465ee728b) (PreviewImporter) -> (artifact id: '4d155796ae81568fbf8d51f7074e82cd') in 0.3626024 seconds
Number of updated asset objects reloaded before import = 0Number of asset objects unloaded after import = 2

========================================================================
Received Import Request.
  Time since last request: 396.940578 seconds.
  path: Assets/Free Stylized Skybox/CubeMap/Textures/Sky_LowPoly_01_Day_a.png
  artifactKey: Guid(15941f70fce71784da1321794120ea6a) Importer(2089858483,192608db42251d675da83286b1cce702)
Start importing Assets/Free Stylized Skybox/CubeMap/Textures/Sky_LowPoly_01_Day_a.png using Guid(15941f70fce71784da1321794120ea6a) Importer(2089858483,192608db42251d675da83286b1cce702) (ScriptedImporter) -> (artifact id: 'a1363b14e9303d92cb5164587c67014f') in 2.4398882 seconds
Number of updated asset objects reloaded before import = 0Number of asset objects unloaded after import = 1

========================================================================
Received Import Request.
  Time since last request: 0.000986 seconds.
  path: Assets/Proxy Games/Stylized Nature Kit Lite/Prefabs/Rocks/Standard Rocks/Standard Rock 5.prefab
  artifactKey: Guid(76f72119263e837459dd528ba521ea53) Importer(2089858483,192608db42251d675da83286b1cce702)
Start importing Assets/Proxy Games/Stylized Nature Kit Lite/Prefabs/Rocks/Standard Rocks/Standard Rock 5.prefab using Guid(76f72119263e837459dd528ba521ea53) Importer(2089858483,192608db42251d675da83286b1cce702) (ScriptedImporter) -> (artifact id: '23bf54544de678544e5feedd122c856d') in 0.1763111 seconds
Number of updated asset objects reloaded before import = 0Number of asset objects unloaded after import = 26

========================================================================
Received Import Request.
  Time since last request: 0.000045 seconds.
  path: Assets/Proxy Games/Stylized Nature Kit Lite/Meshes/Foliage/Stump
  artifactKey: Guid(1e3bec9ed5f04934e861f2804e9f43d2) Importer(2089858483,192608db42251d675da83286b1cce702)
Start importing Assets/Proxy Games/Stylized Nature Kit Lite/Meshes/Foliage/Stump using Guid(1e3bec9ed5f04934e861f2804e9f43d2) Importer(2089858483,192608db42251d675da83286b1cce702) (ScriptedImporter) -> (artifact id: '70b966df0d0a4dc5178da085df41e951') in 0.0285434 seconds
Number of updated asset objects reloaded before import = 0Number of asset objects unloaded after import = 1

========================================================================
Received Import Request.
  Time since last request: 0.000042 seconds.
  path: Assets/Proxy Games/Stylized Nature Kit Lite/Prefabs/Foliage/Bush/Bush.prefab
  artifactKey: Guid(3f8eda438d8aeab4d9223c5b53f5ef62) Importer(2089858483,192608db42251d675da83286b1cce702)
Start importing Assets/Proxy Games/Stylized Nature Kit Lite/Prefabs/Foliage/Bush/Bush.prefab using Guid(3f8eda438d8aeab4d9223c5b53f5ef62) Importer(2089858483,192608db42251d675da83286b1cce702) (ScriptedImporter) -> (artifact id: '8f18da3999814e06a21f339a09088a68') in 0.049564 seconds
Number of updated asset objects reloaded before import = 0Number of asset objects unloaded after import = 26

========================================================================
Received Import Request.
  Time since last request: 0.000043 seconds.
  path: Assets/Proxy Games/Stylized Nature Kit Lite/Meshes/Rocks/Rock Cliffs/Rock Cliff 2.fbx
  artifactKey: Guid(2f06370038ed47c43a43d7b7e30f7b23) Importer(2089858483,192608db42251d675da83286b1cce702)
Start importing Assets/Proxy Games/Stylized Nature Kit Lite/Meshes/Rocks/Rock Cliffs/Rock Cliff 2.fbx using Guid(2f06370038ed47c43a43d7b7e30f7b23) Importer(2089858483,192608db42251d675da83286b1cce702) (ScriptedImporter) -> (artifact id: 'ebdd90de6928465ed7857aebb2beffb5') in 0.1508947 seconds
Number of updated asset objects reloaded before import = 0Number of asset objects unloaded after import = 25

========================================================================
Received Import Request.
  Time since last request: 0.000068 seconds.
  path: Assets/Proxy Games/Stylized Nature Kit Lite/Textures
  artifactKey: Guid(d8a04c2047ec093488d95f2498c8c592) Importer(2089858483,192608db42251d675da83286b1cce702)
Start importing Assets/Proxy Games/Stylized Nature Kit Lite/Textures using Guid(d8a04c2047ec093488d95f2498c8c592) Importer(2089858483,192608db42251d675da83286b1cce702) (ScriptedImporter) -> (artifact id: 'fe3771df840dca7675e4253ff29974d6') in 0.0207569 seconds
Number of updated asset objects reloaded before import = 0Number of asset objects unloaded after import = 1

========================================================================
Received Import Request.
  Time since last request: 0.000052 seconds.
  path: Assets/Proxy Games/Stylized Nature Kit Lite
  artifactKey: Guid(2b8b2f878177a004998f238eaa1a338f) Importer(2089858483,192608db42251d675da83286b1cce702)
Start importing Assets/Proxy Games/Stylized Nature Kit Lite using Guid(2b8b2f878177a004998f238eaa1a338f) Importer(2089858483,192608db42251d675da83286b1cce702) (ScriptedImporter) -> (artifact id: 'dee8ea12edc299e1c25aae08a76d1864') in 0.0241918 seconds
Number of updated asset objects reloaded before import = 0Number of asset objects unloaded after import = 1

========================================================================
Received Import Request.
  Time since last request: 0.000035 seconds.
  path: Assets/Proxy Games/Stylized Nature Kit Lite/Meshes/Rocks/Tiny Rocks
  artifactKey: Guid(2761fac480b974e4c9b2a29c17642e45) Importer(2089858483,192608db42251d675da83286b1cce702)
Start importing Assets/Proxy Games/Stylized Nature Kit Lite/Meshes/Rocks/Tiny Rocks using Guid(2761fac480b974e4c9b2a29c17642e45) Importer(2089858483,192608db42251d675da83286b1cce702) (ScriptedImporter) -> (artifact id: 'f55f0e23a875552b894c894c0d1518aa') in 0.0227421 seconds
Number of updated asset objects reloaded before import = 0Number of asset objects unloaded after import = 1

========================================================================
Received Import Request.
  Time since last request: 0.000028 seconds.
  path: Assets/Proxy Games/Stylized Nature Kit Lite/Meshes/Rocks/Mountain/Mountain.fbx
  artifactKey: Guid(07f7693a22c302246b83507415e1c01f) Importer(2089858483,192608db42251d675da83286b1cce702)
Start importing Assets/Proxy Games/Stylized Nature Kit Lite/Meshes/Rocks/Mountain/Mountain.fbx using Guid(07f7693a22c302246b83507415e1c01f) Importer(2089858483,192608db42251d675da83286b1cce702) (ScriptedImporter) -> (artifact id: '0070df05d68a72afab96fe7c9ba60621') in 0.063781 seconds
Number of updated asset objects reloaded before import = 0Number of asset objects unloaded after import = 29

========================================================================
Received Import Request.
  Time since last request: 0.000032 seconds.
  path: Assets/Proxy Games/Stylized Nature Kit Lite/Prefabs/Foliage/Stump
  artifactKey: Guid(109c278a1c735f543aa16927e85708a2) Importer(2089858483,192608db42251d675da83286b1cce702)
Start importing Assets/Proxy Games/Stylized Nature Kit Lite/Prefabs/Foliage/Stump using Guid(109c278a1c735f543aa16927e85708a2) Importer(2089858483,192608db42251d675da83286b1cce702) (ScriptedImporter) -> (artifact id: 'a04bb4a2238975e77505e20e8e74caed') in 0.0237917 seconds
Number of updated asset objects reloaded before import = 0Number of asset objects unloaded after import = 1

========================================================================
Received Import Request.
  Time since last request: 0.000039 seconds.
  path: Assets/Proxy Games/Stylized Nature Kit Lite/Textures/Grass.png
  artifactKey: Guid(2af1601ba09f43e4f8b69a794b72fb75) Importer(2089858483,192608db42251d675da83286b1cce702)
Start importing Assets/Proxy Games/Stylized Nature Kit Lite/Textures/Grass.png using Guid(2af1601ba09f43e4f8b69a794b72fb75) Importer(2089858483,192608db42251d675da83286b1cce702) (ScriptedImporter) -> (artifact id: '67d36b3c00228d5394754d9904e3b045') in 0.0573796 seconds
Number of updated asset objects reloaded before import = 0Number of asset objects unloaded after import = 1

========================================================================
Received Import Request.
  Time since last request: 0.000040 seconds.
  path: Assets/Free Stylized Skybox/CubeMap/Textures/Sky_Anime_03_Day_a.png
  artifactKey: Guid(e3de3e8435d45a64fa4aa46634ced55a) Importer(2089858483,192608db42251d675da83286b1cce702)
Start importing Assets/Free Stylized Skybox/CubeMap/Textures/Sky_Anime_03_Day_a.png using Guid(e3de3e8435d45a64fa4aa46634ced55a) Importer(2089858483,192608db42251d675da83286b1cce702) (ScriptedImporter) -> (artifact id: '80b04d660429e50a15c3386ee3e70fa8') in 0.189001 seconds
Number of updated asset objects reloaded before import = 0Number of asset objects unloaded after import = 1

========================================================================
Received Import Request.
  Time since last request: 0.000048 seconds.
  path: Assets/Proxy Games/Stylized Nature Kit Lite/Materials/Flower.mat
  artifactKey: Guid(e9427a28f20c6f24083418e09b767a8d) Importer(2089858483,192608db42251d675da83286b1cce702)
Start importing Assets/Proxy Games/Stylized Nature Kit Lite/Materials/Flower.mat using Guid(e9427a28f20c6f24083418e09b767a8d) Importer(2089858483,192608db42251d675da83286b1cce702) (ScriptedImporter) -> (artifact id: '40aadf3570d4842b5c57c4dea27f5a0e') in 0.0501838 seconds
Number of updated asset objects reloaded before import = 0Number of asset objects unloaded after import = 2

========================================================================
Received Import Request.
  Time since last request: 0.000054 seconds.
  path: Assets/Proxy Games/Stylized Nature Kit Lite/Meshes/Foliage/Mushroom/Mushrooms Patch.fbx
  artifactKey: Guid(27c3f4d36f77dde429372ccba3513837) Importer(2089858483,192608db42251d675da83286b1cce702)
Start importing Assets/Proxy Games/Stylized Nature Kit Lite/Meshes/Foliage/Mushroom/Mushrooms Patch.fbx using Guid(27c3f4d36f77dde429372ccba3513837) Importer(2089858483,192608db42251d675da83286b1cce702) (ScriptedImporter) -> (artifact id: 'ba3b70ba187cc328ec0db584c9fbfce4') in 0.0398281 seconds
Number of updated asset objects reloaded before import = 0Number of asset objects unloaded after import = 25

========================================================================
Received Import Request.
  Time since last request: 0.000048 seconds.
  path: Assets/Free Stylized Skybox/Panoramic/Textures/Sky_Anime_11_morning_a.png
  artifactKey: Guid(7aec8516610b2ff4abcdda8106713279) Importer(2089858483,192608db42251d675da83286b1cce702)
Start importing Assets/Free Stylized Skybox/Panoramic/Textures/Sky_Anime_11_morning_a.png using Guid(7aec8516610b2ff4abcdda8106713279) Importer(2089858483,192608db42251d675da83286b1cce702) (ScriptedImporter) -> (artifact id: '66404d043c7f74f7a49aefb4dcfd75be') in 0.0679772 seconds
Number of updated asset objects reloaded before import = 0Number of asset objects unloaded after import = 1

========================================================================
Received Import Request.
  Time since last request: 0.000030 seconds.
  path: Assets/Proxy Games/Stylized Nature Kit Lite/Prefabs/Rocks/Tiny Rocks
  artifactKey: Guid(6c79a1fdf58c8954d86341517cc540eb) Importer(2089858483,192608db42251d675da83286b1cce702)
Start importing Assets/Proxy Games/Stylized Nature Kit Lite/Prefabs/Rocks/Tiny Rocks using Guid(6c79a1fdf58c8954d86341517cc540eb) Importer(2089858483,192608db42251d675da83286b1cce702) (ScriptedImporter) -> (artifact id: 'b056822a5d703b3cc81377d2f967dcc7') in 0.0216653 seconds
Number of updated asset objects reloaded before import = 0Number of asset objects unloaded after import = 1

========================================================================
Received Import Request.
  Time since last request: 0.000049 seconds.
  path: Assets/Proxy Games/Stylized Nature Kit Lite/Meshes/Rocks/Rock Cliffs/Rock Cliff 5.fbx
  artifactKey: Guid(6d8861f3dd3ad3a4fb0162a75cb991b7) Importer(2089858483,192608db42251d675da83286b1cce702)
Start importing Assets/Proxy Games/Stylized Nature Kit Lite/Meshes/Rocks/Rock Cliffs/Rock Cliff 5.fbx using Guid(6d8861f3dd3ad3a4fb0162a75cb991b7) Importer(2089858483,192608db42251d675da83286b1cce702) (ScriptedImporter) -> (artifact id: '2d9c9ae4469d960280edad725d8e90ef') in 0.049469 seconds
Number of updated asset objects reloaded before import = 0Number of asset objects unloaded after import = 25

========================================================================
Received Import Request.
  Time since last request: 0.000054 seconds.
  path: Assets/Proxy Games/Stylized Nature Kit Lite/Prefabs/Rocks/Tiny Rocks/Tiny Rock 5.prefab
  artifactKey: Guid(50fff5eaaf978354ba27eacb51eedb8e) Importer(2089858483,192608db42251d675da83286b1cce702)
Start importing Assets/Proxy Games/Stylized Nature Kit Lite/Prefabs/Rocks/Tiny Rocks/Tiny Rock 5.prefab using Guid(50fff5eaaf978354ba27eacb51eedb8e) Importer(2089858483,192608db42251d675da83286b1cce702) (ScriptedImporter) -> (artifact id: '701412452434389930a12ba1b3d16349') in 0.0358501 seconds
Number of updated asset objects reloaded before import = 0Number of asset objects unloaded after import = 26

========================================================================
Received Import Request.
  Time since last request: 0.000126 seconds.
  path: Assets/Proxy Games/Stylized Nature Kit Lite/Prefabs/Foliage/Grass/Grass.prefab
  artifactKey: Guid(4db940c31d61ac149801c850fc645d68) Importer(2089858483,192608db42251d675da83286b1cce702)
Start importing Assets/Proxy Games/Stylized Nature Kit Lite/Prefabs/Foliage/Grass/Grass.prefab using Guid(4db940c31d61ac149801c850fc645d68) Importer(2089858483,192608db42251d675da83286b1cce702) (ScriptedImporter) -> (artifact id: '7da88ca6076c06940249a8f9d0fee281') in 0.033675 seconds
Number of updated asset objects reloaded before import = 0Number of asset objects unloaded after import = 26

========================================================================
Received Import Request.
  Time since last request: 0.000035 seconds.
  path: Assets/Proxy Games/Stylized Nature Kit Lite/Meshes/Foliage/Branch/Branch.fbx
  artifactKey: Guid(9ee3751895b69084d8e785d402243c60) Importer(2089858483,192608db42251d675da83286b1cce702)
Start importing Assets/Proxy Games/Stylized Nature Kit Lite/Meshes/Foliage/Branch/Branch.fbx using Guid(9ee3751895b69084d8e785d402243c60) Importer(2089858483,192608db42251d675da83286b1cce702) (ScriptedImporter) -> (artifact id: '17fcecc1871704f30ac3542ecf2bb7de') in 0.0380232 seconds
Number of updated asset objects reloaded before import = 0Number of asset objects unloaded after import = 25

========================================================================
Received Import Request.
  Time since last request: 0.000035 seconds.
  path: Assets/Proxy Games/Stylized Nature Kit Lite/Meshes/Rocks/Rock Cliffs/Rock Cliff 4.fbx
  artifactKey: Guid(22394c2ced239844aaa591e316acccfc) Importer(2089858483,192608db42251d675da83286b1cce702)
Start importing Assets/Proxy Games/Stylized Nature Kit Lite/Meshes/Rocks/Rock Cliffs/Rock Cliff 4.fbx using Guid(22394c2ced239844aaa591e316acccfc) Importer(2089858483,192608db42251d675da83286b1cce702) (ScriptedImporter) -> (artifact id: '221bb8e7d32d6e8ac119a5e500578da4') in 0.0554168 seconds
Number of updated asset objects reloaded before import = 0Number of asset objects unloaded after import = 25

========================================================================
Received Import Request.
  Time since last request: 0.000043 seconds.
  path: Assets/Proxy Games/Stylized Nature Kit Lite/Meshes/Foliage/Log
  artifactKey: Guid(e8aa816b612c4d34bb0d5e78e97f3059) Importer(2089858483,192608db42251d675da83286b1cce702)
Start importing Assets/Proxy Games/Stylized Nature Kit Lite/Meshes/Foliage/Log using Guid(e8aa816b612c4d34bb0d5e78e97f3059) Importer(2089858483,192608db42251d675da83286b1cce702) (ScriptedImporter) -> (artifact id: '61d89ea89db977eddd2587b8e0553ba8') in 0.0226395 seconds
Number of updated asset objects reloaded before import = 0Number of asset objects unloaded after import = 1

========================================================================
Received Import Request.
  Time since last request: 0.000044 seconds.
  path: Assets/Proxy Games/Stylized Nature Kit Lite/Meshes/Foliage/Grass
  artifactKey: Guid(845e10ad668ffe048a54225ce561d0c8) Importer(2089858483,192608db42251d675da83286b1cce702)
Start importing Assets/Proxy Games/Stylized Nature Kit Lite/Meshes/Foliage/Grass using Guid(845e10ad668ffe048a54225ce561d0c8) Importer(2089858483,192608db42251d675da83286b1cce702) (ScriptedImporter) -> (artifact id: '443d3c8b5d966f5b56b94f4c638b448c') in 0.0224165 seconds
Number of updated asset objects reloaded before import = 0Number of asset objects unloaded after import = 1

========================================================================
Received Import Request.
  Time since last request: 0.000034 seconds.
  path: Assets/Proxy Games/Stylized Nature Kit Lite/Meshes/Water
  artifactKey: Guid(2be2d0ea71005014ca48fc1b00a59905) Importer(2089858483,192608db42251d675da83286b1cce702)
Start importing Assets/Proxy Games/Stylized Nature Kit Lite/Meshes/Water using Guid(2be2d0ea71005014ca48fc1b00a59905) Importer(2089858483,192608db42251d675da83286b1cce702) (ScriptedImporter) -> (artifact id: '897716c2063143722ef9517155986d5b') in 0.0313901 seconds
Number of updated asset objects reloaded before import = 0Number of asset objects unloaded after import = 1

========================================================================
Received Import Request.
  Time since last request: 0.000029 seconds.
  path: Assets/Proxy Games/Stylized Nature Kit Lite/Meshes/Foliage/Trees/Spruce 2.fbx
  artifactKey: Guid(9813ed0b3eddc834a8202f421870eeb2) Importer(2089858483,192608db42251d675da83286b1cce702)
Start importing Assets/Proxy Games/Stylized Nature Kit Lite/Meshes/Foliage/Trees/Spruce 2.fbx using Guid(9813ed0b3eddc834a8202f421870eeb2) Importer(2089858483,192608db42251d675da83286b1cce702) (ScriptedImporter) -> (artifact id: '43437dda9e7be9c04e4cfd66d57d933c') in 0.0679464 seconds
Number of updated asset objects reloaded before import = 0Number of asset objects unloaded after import = 25

========================================================================
Received Import Request.
  Time since last request: 0.000037 seconds.
  path: Assets/Proxy Games/Stylized Nature Kit Lite/Scenes/Showcase Demo Scene/OcclusionCullingData.asset
  artifactKey: Guid(06b9a2de21ecf03428a691c4ec71cc06) Importer(2089858483,192608db42251d675da83286b1cce702)
Start importing Assets/Proxy Games/Stylized Nature Kit Lite/Scenes/Showcase Demo Scene/OcclusionCullingData.asset using Guid(06b9a2de21ecf03428a691c4ec71cc06) Importer(2089858483,192608db42251d675da83286b1cce702) (ScriptedImporter) -> (artifact id: 'ee97f3915bf5066615c3d24bf74688c9') in 0.0281665 seconds
Number of updated asset objects reloaded before import = 0Number of asset objects unloaded after import = 1

========================================================================
Received Import Request.
  Time since last request: 0.000043 seconds.
  path: Assets/Proxy Games/Stylized Nature Kit Lite/Prefabs/Foliage/Branch
  artifactKey: Guid(1e852b24dc53670408af1b99aaf7f67c) Importer(2089858483,192608db42251d675da83286b1cce702)
Start importing Assets/Proxy Games/Stylized Nature Kit Lite/Prefabs/Foliage/Branch using Guid(1e852b24dc53670408af1b99aaf7f67c) Importer(2089858483,192608db42251d675da83286b1cce702) (ScriptedImporter) -> (artifact id: 'dc26d3b48a5d8dc3b8ddc7c37f25abc8') in 0.0190463 seconds
Number of updated asset objects reloaded before import = 0Number of asset objects unloaded after import = 1

========================================================================
Received Import Request.
  Time since last request: 0.000088 seconds.
  path: Assets/Proxy Games/Stylized Nature Kit Lite/Prefabs
  artifactKey: Guid(d4a22d696d01a7249981977642f3bb1a) Importer(2089858483,192608db42251d675da83286b1cce702)
Start importing Assets/Proxy Games/Stylized Nature Kit Lite/Prefabs using Guid(d4a22d696d01a7249981977642f3bb1a) Importer(2089858483,192608db42251d675da83286b1cce702) (ScriptedImporter) -> (artifact id: 'b718a250ba4fc777574254e05c679eed') in 0.0247557 seconds
Number of updated asset objects reloaded before import = 0Number of asset objects unloaded after import = 1

========================================================================
Received Import Request.
  Time since last request: 0.000039 seconds.
  path: Assets/Proxy Games/Stylized Nature Kit Lite/Meshes/Rocks/Standard Rocks/Standard Rock 5.fbx
  artifactKey: Guid(650b26816a2483e4c972cd13717f309d) Importer(2089858483,192608db42251d675da83286b1cce702)
Start importing Assets/Proxy Games/Stylized Nature Kit Lite/Meshes/Rocks/Standard Rocks/Standard Rock 5.fbx using Guid(650b26816a2483e4c972cd13717f309d) Importer(2089858483,192608db42251d675da83286b1cce702) (ScriptedImporter) -> (artifact id: 'c90100a14a5366392fa7d01734251694') in 0.0452804 seconds
Number of updated asset objects reloaded before import = 0Number of asset objects unloaded after import = 25

========================================================================
Received Import Request.
  Time since last request: 0.000035 seconds.
  path: Assets/Free Stylized Skybox/CubeMap/Textures/Sky_Anime_11_morning_a.png
  artifactKey: Guid(c1473a09822798a41a9cfa11f2721db6) Importer(2089858483,192608db42251d675da83286b1cce702)
Start importing Assets/Free Stylized Skybox/CubeMap/Textures/Sky_Anime_11_morning_a.png using Guid(c1473a09822798a41a9cfa11f2721db6) Importer(2089858483,192608db42251d675da83286b1cce702) (ScriptedImporter) -> (artifact id: '6322a4f8093817623fa95fb2a1b6e16d') in 0.1942169 seconds
Number of updated asset objects reloaded before import = 0Number of asset objects unloaded after import = 1

========================================================================
Received Import Request.
  Time since last request: 0.000036 seconds.
  path: Assets/Proxy Games/Stylized Nature Kit Lite/Meshes/Foliage/Branch
  artifactKey: Guid(e40b19b744624184ebd5d369a2bc50f1) Importer(2089858483,192608db42251d675da83286b1cce702)
Start importing Assets/Proxy Games/Stylized Nature Kit Lite/Meshes/Foliage/Branch using Guid(e40b19b744624184ebd5d369a2bc50f1) Importer(2089858483,192608db42251d675da83286b1cce702) (ScriptedImporter) -> (artifact id: '0751dec57392abee2afca76f14dc30ae') in 0.0249147 seconds
Number of updated asset objects reloaded before import = 0Number of asset objects unloaded after import = 1

========================================================================
Received Import Request.
  Time since last request: 0.000103 seconds.
  path: Assets/Proxy Games/Stylized Nature Kit Lite/Meshes/Foliage/Trees
  artifactKey: Guid(907e56acd7a3ecb4f9ea71f5c6551406) Importer(2089858483,192608db42251d675da83286b1cce702)
Start importing Assets/Proxy Games/Stylized Nature Kit Lite/Meshes/Foliage/Trees using Guid(907e56acd7a3ecb4f9ea71f5c6551406) Importer(2089858483,192608db42251d675da83286b1cce702) (ScriptedImporter) -> (artifact id: 'f9632fb0bc05699f0fd6d15fa2c5746c') in 0.0209679 seconds
Number of updated asset objects reloaded before import = 0Number of asset objects unloaded after import = 1

========================================================================
Received Import Request.
  Time since last request: 0.000032 seconds.
  path: Assets/Proxy Games/Stylized Nature Kit Lite/Scenes/Showcase Demo Scene
  artifactKey: Guid(91273674388b76041a2760eb0ee887a8) Importer(2089858483,192608db42251d675da83286b1cce702)
Start importing Assets/Proxy Games/Stylized Nature Kit Lite/Scenes/Showcase Demo Scene using Guid(91273674388b76041a2760eb0ee887a8) Importer(2089858483,192608db42251d675da83286b1cce702) (ScriptedImporter) -> (artifact id: '5807554db718c12b4f46cea8c5af5114') in 0.0235629 seconds
Number of updated asset objects reloaded before import = 0Number of asset objects unloaded after import = 1

========================================================================
Received Import Request.
  Time since last request: 0.000030 seconds.
  path: Assets/Free Stylized Skybox/Panoramic/Materials/Sky_Anime_11_morning_a.mat
  artifactKey: Guid(3f698c5d47507d54db2dcb930054532e) Importer(2089858483,192608db42251d675da83286b1cce702)
Start importing Assets/Free Stylized Skybox/Panoramic/Materials/Sky_Anime_11_morning_a.mat using Guid(3f698c5d47507d54db2dcb930054532e) Importer(2089858483,192608db42251d675da83286b1cce702) (ScriptedImporter) -> (artifact id: '444920d461fcde91343585f668bd76df') in 0.0697388 seconds
Number of updated asset objects reloaded before import = 0Number of asset objects unloaded after import = 2

========================================================================
Received Import Request.
  Time since last request: 0.000038 seconds.
  path: Assets/Proxy Games/Stylized Nature Kit Lite/Scenes/Showcase Demo Scene/Showcase Demo Scene.unity
  artifactKey: Guid(1dd75275ecc5c2747a8f07c660d497c6) Importer(2089858483,192608db42251d675da83286b1cce702)
Start importing Assets/Proxy Games/Stylized Nature Kit Lite/Scenes/Showcase Demo Scene/Showcase Demo Scene.unity using Guid(1dd75275ecc5c2747a8f07c660d497c6) Importer(2089858483,192608db42251d675da83286b1cce702) (ScriptedImporter) -> (artifact id: 'cddc3878269b3f4154c07cac8b89fcb3') in 0.0636259 seconds
Number of updated asset objects reloaded before import = 0Number of asset objects unloaded after import = 1

========================================================================
Received Import Request.
  Time since last request: 0.000030 seconds.
  path: Assets/Proxy Games/Stylized Nature Kit Lite/Textures/Spruce Tree Branch.png
  artifactKey: Guid(eb22f6c85fef5a646a1e0561f48d212e) Importer(2089858483,192608db42251d675da83286b1cce702)
Start importing Assets/Proxy Games/Stylized Nature Kit Lite/Textures/Spruce Tree Branch.png using Guid(eb22f6c85fef5a646a1e0561f48d212e) Importer(2089858483,192608db42251d675da83286b1cce702) (ScriptedImporter) -> (artifact id: '09396e3e512aa8cc7420be2588d812ad') in 0.026596 seconds
Number of updated asset objects reloaded before import = 0Number of asset objects unloaded after import = 1

========================================================================
Received Import Request.
  Time since last request: 0.000052 seconds.
  path: Assets/Proxy Games/Stylized Nature Kit Lite/Scenes/Main Demo Scene/Main Demo Scene.unity
  artifactKey: Guid(ccc5b6334ec377b498ce4052ba9f1134) Importer(2089858483,192608db42251d675da83286b1cce702)
Start importing Assets/Proxy Games/Stylized Nature Kit Lite/Scenes/Main Demo Scene/Main Demo Scene.unity using Guid(ccc5b6334ec377b498ce4052ba9f1134) Importer(2089858483,192608db42251d675da83286b1cce702) (ScriptedImporter) -> (artifact id: '65ce8ee47b8ce0cfed4590bb6ee58fe1') in 0.4462014 seconds
Number of updated asset objects reloaded before import = 0Number of asset objects unloaded after import = 1

========================================================================
Received Import Request.
  Time since last request: 0.000033 seconds.
  path: Assets/Free Stylized Skybox/CubeMap/Materials/Sky_LowPoly_02_Night_a.mat
  artifactKey: Guid(c1c961cbd00909b45b34d97fd7df5cbf) Importer(2089858483,192608db42251d675da83286b1cce702)
Start importing Assets/Free Stylized Skybox/CubeMap/Materials/Sky_LowPoly_02_Night_a.mat using Guid(c1c961cbd00909b45b34d97fd7df5cbf) Importer(2089858483,192608db42251d675da83286b1cce702) (ScriptedImporter) -> (artifact id: '3f6cda8d379eed37f24c8a39352f8a26') in 0.1650253 seconds
Number of updated asset objects reloaded before import = 0Number of asset objects unloaded after import = 2

========================================================================
Received Import Request.
  Time since last request: 0.000162 seconds.
  path: Assets/Proxy Games/Stylized Nature Kit Lite/Meshes/Rocks/Standard Rocks/Standard Rock 3.fbx
  artifactKey: Guid(cdfa04c51cadc7246b34041135934d73) Importer(2089858483,192608db42251d675da83286b1cce702)
Start importing Assets/Proxy Games/Stylized Nature Kit Lite/Meshes/Rocks/Standard Rocks/Standard Rock 3.fbx using Guid(cdfa04c51cadc7246b34041135934d73) Importer(2089858483,192608db42251d675da83286b1cce702) (ScriptedImporter) -> (artifact id: 'd7dc2f655664813c1fcfdfe795bf47cf') in 0.04717 seconds
Number of updated asset objects reloaded before import = 0Number of asset objects unloaded after import = 25

========================================================================
Received Import Request.
  Time since last request: 0.000030 seconds.
  path: Assets/Proxy Games/Stylized Nature Kit Lite/Prefabs/Rocks/Standard Rocks/Standard Rock 2.prefab
  artifactKey: Guid(e67d3e2fdb18d364f943d685c09cb266) Importer(2089858483,192608db42251d675da83286b1cce702)
Start importing Assets/Proxy Games/Stylized Nature Kit Lite/Prefabs/Rocks/Standard Rocks/Standard Rock 2.prefab using Guid(e67d3e2fdb18d364f943d685c09cb266) Importer(2089858483,192608db42251d675da83286b1cce702) (ScriptedImporter) -> (artifact id: '1f510bd3c57d36d86bc6ca31183b7c2c') in 0.0304625 seconds
Number of updated asset objects reloaded before import = 0Number of asset objects unloaded after import = 26

========================================================================
Received Import Request.
  Time since last request: 0.000036 seconds.
  path: Assets/Proxy Games/Stylized Nature Kit Lite/Scenes/Main Demo Scene/Main Demo Scene PP.asset
  artifactKey: Guid(f2b61e17075170447ba23132fe76d8dc) Importer(2089858483,192608db42251d675da83286b1cce702)
Start importing Assets/Proxy Games/Stylized Nature Kit Lite/Scenes/Main Demo Scene/Main Demo Scene PP.asset using Guid(f2b61e17075170447ba23132fe76d8dc) Importer(2089858483,192608db42251d675da83286b1cce702) (ScriptedImporter) -> (artifact id: 'a760184e376fca6ca0919fd30efaa37a') in 0.0956882 seconds
Number of updated asset objects reloaded before import = 0Number of asset objects unloaded after import = 12

========================================================================
Received Import Request.
  Time since last request: 0.000030 seconds.
  path: Assets/Proxy Games/Stylized Nature Kit Lite/Prefabs/Rocks/Standard Rocks/Standard Rock 3.prefab
  artifactKey: Guid(05a887701af30614f819e1db804d10a1) Importer(2089858483,192608db42251d675da83286b1cce702)
Start importing Assets/Proxy Games/Stylized Nature Kit Lite/Prefabs/Rocks/Standard Rocks/Standard Rock 3.prefab using Guid(05a887701af30614f819e1db804d10a1) Importer(2089858483,192608db42251d675da83286b1cce702) (ScriptedImporter) -> (artifact id: '1b24c1689c72d0fda9133e3efdeadced') in 0.0259191 seconds
Number of updated asset objects reloaded before import = 0Number of asset objects unloaded after import = 26

========================================================================
Received Import Request.
  Time since last request: 0.000044 seconds.
  path: Assets/Proxy Games/Stylized Nature Kit Lite/Meshes/Foliage/Flower/Flower.fbx
  artifactKey: Guid(46ceee1e0f8fec547ad8c36842afe15f) Importer(2089858483,192608db42251d675da83286b1cce702)
Start importing Assets/Proxy Games/Stylized Nature Kit Lite/Meshes/Foliage/Flower/Flower.fbx using Guid(46ceee1e0f8fec547ad8c36842afe15f) Importer(2089858483,192608db42251d675da83286b1cce702) (ScriptedImporter) -> (artifact id: 'fd06451051a2ac3b9493bd84d6fd4933') in 0.0351093 seconds
Number of updated asset objects reloaded before import = 0Number of asset objects unloaded after import = 25

========================================================================
Received Import Request.
  Time since last request: 0.000033 seconds.
  path: Assets/Proxy Games/Stylized Nature Kit Lite/Meshes/Water/Detailed Water.fbx
  artifactKey: Guid(17c4328b795601b479c1b25fa5cfbf46) Importer(2089858483,192608db42251d675da83286b1cce702)
Start importing Assets/Proxy Games/Stylized Nature Kit Lite/Meshes/Water/Detailed Water.fbx using Guid(17c4328b795601b479c1b25fa5cfbf46) Importer(2089858483,192608db42251d675da83286b1cce702) (ScriptedImporter) -> (artifact id: '854fde19f1b5967902ccf8e641bcc848') in 0.0385221 seconds
Number of updated asset objects reloaded before import = 0Number of asset objects unloaded after import = 25

========================================================================
Received Import Request.
  Time since last request: 0.000030 seconds.
  path: Assets/Proxy Games/Stylized Nature Kit Lite/Textures/Flower Leaf.png
  artifactKey: Guid(4e1b20f4080510a45883db6795845e28) Importer(2089858483,192608db42251d675da83286b1cce702)
Start importing Assets/Proxy Games/Stylized Nature Kit Lite/Textures/Flower Leaf.png using Guid(4e1b20f4080510a45883db6795845e28) Importer(2089858483,192608db42251d675da83286b1cce702) (ScriptedImporter) -> (artifact id: '304b8754732e77c84aa77a766da7cb6e') in 0.0280482 seconds
Number of updated asset objects reloaded before import = 0Number of asset objects unloaded after import = 1

========================================================================
Received Import Request.
  Time since last request: 0.000070 seconds.
  path: Assets/Free Stylized Skybox/CubeMap/Textures/Sky_Anime_15_Day_a.png
  artifactKey: Guid(fca5a57d63136f6428a1d31d1ab2c777) Importer(2089858483,192608db42251d675da83286b1cce702)
Start importing Assets/Free Stylized Skybox/CubeMap/Textures/Sky_Anime_15_Day_a.png using Guid(fca5a57d63136f6428a1d31d1ab2c777) Importer(2089858483,192608db42251d675da83286b1cce702) (ScriptedImporter) -> (artifact id: '49f534805d85e851dcaf90825cfcd923') in 0.1729154 seconds
Number of updated asset objects reloaded before import = 0Number of asset objects unloaded after import = 1

========================================================================
Received Import Request.
  Time since last request: 0.000035 seconds.
  path: Assets/Proxy Games/Stylized Nature Kit Lite/Scenes
  artifactKey: Guid(31c88774902519344ba509dce367ff1a) Importer(2089858483,192608db42251d675da83286b1cce702)
Start importing Assets/Proxy Games/Stylized Nature Kit Lite/Scenes using Guid(31c88774902519344ba509dce367ff1a) Importer(2089858483,192608db42251d675da83286b1cce702) (ScriptedImporter) -> (artifact id: '78efc180ba3de27cb69c66fe57f27bd1') in 0.0193467 seconds
Number of updated asset objects reloaded before import = 0Number of asset objects unloaded after import = 1

========================================================================
Received Import Request.
  Time since last request: 0.000036 seconds.
  path: Assets/Proxy Games
  artifactKey: Guid(27c9e6401e8a1304f85621e1174d1b65) Importer(2089858483,192608db42251d675da83286b1cce702)
Start importing Assets/Proxy Games using Guid(27c9e6401e8a1304f85621e1174d1b65) Importer(2089858483,192608db42251d675da83286b1cce702) (ScriptedImporter) -> (artifact id: '0bd795149e0c04b84cce3315d875ade3') in 0.0205068 seconds
Number of updated asset objects reloaded before import = 0Number of asset objects unloaded after import = 1

========================================================================
Received Import Request.
  Time since last request: 0.000039 seconds.
  path: Assets/Proxy Games/Stylized Nature Kit Lite/Materials/Bush Leaves.mat
  artifactKey: Guid(143c45bbb5ae694479b1566df4a4f9a2) Importer(2089858483,192608db42251d675da83286b1cce702)
Start importing Assets/Proxy Games/Stylized Nature Kit Lite/Materials/Bush Leaves.mat using Guid(143c45bbb5ae694479b1566df4a4f9a2) Importer(2089858483,192608db42251d675da83286b1cce702) (ScriptedImporter) -> (artifact id: '11fd39492ef681660aeeef68aa053e54') in 0.0269927 seconds
Number of updated asset objects reloaded before import = 0Number of asset objects unloaded after import = 2

========================================================================
Received Import Request.
  Time since last request: 0.000035 seconds.
  path: Assets/Proxy Games/Stylized Nature Kit Lite/Meshes/Rocks/Tiny Rocks/Tiny Rock 4.fbx
  artifactKey: Guid(18b253297daa2af43bf84f937e396ef5) Importer(2089858483,192608db42251d675da83286b1cce702)
Start importing Assets/Proxy Games/Stylized Nature Kit Lite/Meshes/Rocks/Tiny Rocks/Tiny Rock 4.fbx using Guid(18b253297daa2af43bf84f937e396ef5) Importer(2089858483,192608db42251d675da83286b1cce702) (ScriptedImporter) -> (artifact id: '2cc99da65f5241598fb1686bac77500d') in 0.0370357 seconds
Number of updated asset objects reloaded before import = 0Number of asset objects unloaded after import = 25

========================================================================
Received Import Request.
  Time since last request: 0.000039 seconds.
  path: Assets/Free Stylized Skybox
  artifactKey: Guid(e6aa157b71d3a984f9fcc67c650671e2) Importer(2089858483,192608db42251d675da83286b1cce702)
Start importing Assets/Free Stylized Skybox using Guid(e6aa157b71d3a984f9fcc67c650671e2) Importer(2089858483,192608db42251d675da83286b1cce702) (ScriptedImporter) -> (artifact id: '6659b84f91abf55777afead2de81e9df') in 0.0220232 seconds
Number of updated asset objects reloaded before import = 0Number of asset objects unloaded after import = 1

========================================================================
Received Import Request.
  Time since last request: 0.000066 seconds.
  path: Assets/Proxy Games/Stylized Nature Kit Lite/Terrain/Dirt.terrainlayer
  artifactKey: Guid(5675940ed19666941b37cd4e098c20fd) Importer(2089858483,192608db42251d675da83286b1cce702)
Start importing Assets/Proxy Games/Stylized Nature Kit Lite/Terrain/Dirt.terrainlayer using Guid(5675940ed19666941b37cd4e098c20fd) Importer(2089858483,192608db42251d675da83286b1cce702) (ScriptedImporter) -> (artifact id: '5d1b86b7123018a3af0e4960835b9ca3') in 0.0373441 seconds
Number of updated asset objects reloaded before import = 0Number of asset objects unloaded after import = 2

========================================================================
Received Import Request.
  Time since last request: 0.000062 seconds.
  path: Assets/Free Stylized Skybox/Panoramic/Materials/Sky_LowPoly_01_Day_a.mat
  artifactKey: Guid(6abe918ee1229b34f8557fc2a5a39825) Importer(2089858483,192608db42251d675da83286b1cce702)
Start importing Assets/Free Stylized Skybox/Panoramic/Materials/Sky_LowPoly_01_Day_a.mat using Guid(6abe918ee1229b34f8557fc2a5a39825) Importer(2089858483,192608db42251d675da83286b1cce702) (ScriptedImporter) -> (artifact id: '79d58e5834a833f4adcbc49ef47740b0') in 0.0767187 seconds
Number of updated asset objects reloaded before import = 0Number of asset objects unloaded after import = 2

========================================================================
Received Import Request.
  Time since last request: 0.000037 seconds.
  path: Assets/Free Stylized Skybox/CubeMap
  artifactKey: Guid(8f1c5a5cb73b94a419410c4554e1dd97) Importer(2089858483,192608db42251d675da83286b1cce702)
Start importing Assets/Free Stylized Skybox/CubeMap using Guid(8f1c5a5cb73b94a419410c4554e1dd97) Importer(2089858483,192608db42251d675da83286b1cce702) (ScriptedImporter) -> (artifact id: '642853d8914987dea867a89ae4aac62d') in 0.0207648 seconds
Number of updated asset objects reloaded before import = 0Number of asset objects unloaded after import = 1

========================================================================
Received Import Request.
  Time since last request: 0.000030 seconds.
  path: Assets/Proxy Games/Stylized Nature Kit Lite/Meshes/Rocks
  artifactKey: Guid(3d851ea9f4de3854286ecc808f48214f) Importer(2089858483,192608db42251d675da83286b1cce702)
Start importing Assets/Proxy Games/Stylized Nature Kit Lite/Meshes/Rocks using Guid(3d851ea9f4de3854286ecc808f48214f) Importer(2089858483,192608db42251d675da83286b1cce702) (ScriptedImporter) -> (artifact id: '87caf3649629a03e506471ea0e976b1d') in 0.0229643 seconds
Number of updated asset objects reloaded before import = 0Number of asset objects unloaded after import = 1

========================================================================
Received Import Request.
  Time since last request: 0.000053 seconds.
  path: Assets/Proxy Games/Stylized Nature Kit Lite/Scenes/Readme.txt
  artifactKey: Guid(0e61b35456967e74caef0be18fcce5cf) Importer(2089858483,192608db42251d675da83286b1cce702)
Start importing Assets/Proxy Games/Stylized Nature Kit Lite/Scenes/Readme.txt using Guid(0e61b35456967e74caef0be18fcce5cf) Importer(2089858483,192608db42251d675da83286b1cce702) (ScriptedImporter) -> (artifact id: 'a1174e10b8668c33ee2f46f7f6656dcc') in 0.0215694 seconds
Number of updated asset objects reloaded before import = 0Number of asset objects unloaded after import = 1

========================================================================
Received Import Request.
  Time since last request: 0.000055 seconds.
  path: Assets/Proxy Games/Stylized Nature Kit Lite/Prefabs/Foliage/Stump/Stump.prefab
  artifactKey: Guid(3aa54be08e092174ab6b689e524fdf44) Importer(2089858483,192608db42251d675da83286b1cce702)
Start importing Assets/Proxy Games/Stylized Nature Kit Lite/Prefabs/Foliage/Stump/Stump.prefab using Guid(3aa54be08e092174ab6b689e524fdf44) Importer(2089858483,192608db42251d675da83286b1cce702) (ScriptedImporter) -> (artifact id: '6d664a91cee9ccba6ac44da796495dc5') in 0.0358058 seconds
Number of updated asset objects reloaded before import = 0Number of asset objects unloaded after import = 26

========================================================================
Received Import Request.
  Time since last request: 0.000034 seconds.
  path: Assets/Free Stylized Skybox/CubeMap/Materials/Sky_LowPoly_01_Day_a.mat
  artifactKey: Guid(133347283e115d147a5fcce7f47a538f) Importer(2089858483,192608db42251d675da83286b1cce702)
Start importing Assets/Free Stylized Skybox/CubeMap/Materials/Sky_LowPoly_01_Day_a.mat using Guid(133347283e115d147a5fcce7f47a538f) Importer(2089858483,192608db42251d675da83286b1cce702) (ScriptedImporter) -> (artifact id: '97398f9207f5775f0ab55c7724a7fec6') in 0.199452 seconds
Number of updated asset objects reloaded before import = 0Number of asset objects unloaded after import = 2

========================================================================
Received Import Request.
  Time since last request: 0.000047 seconds.
  path: Assets/Proxy Games/Stylized Nature Kit Lite/Textures/Color Palette.png
  artifactKey: Guid(7a7b50c8e3f46334b94675bfece2d781) Importer(2089858483,192608db42251d675da83286b1cce702)
Start importing Assets/Proxy Games/Stylized Nature Kit Lite/Textures/Color Palette.png using Guid(7a7b50c8e3f46334b94675bfece2d781) Importer(2089858483,192608db42251d675da83286b1cce702) (ScriptedImporter) -> (artifact id: '73a19832d295867a9fe902cb74ac9f3a') in 0.053173 seconds
Number of updated asset objects reloaded before import = 0Number of asset objects unloaded after import = 1

========================================================================
Received Import Request.
  Time since last request: 0.000048 seconds.
  path: Assets/Proxy Games/Stylized Nature Kit Lite/Terrain/Grass.terrainlayer
  artifactKey: Guid(c371eccb4fab1f74f84b8261d558a313) Importer(2089858483,192608db42251d675da83286b1cce702)
Start importing Assets/Proxy Games/Stylized Nature Kit Lite/Terrain/Grass.terrainlayer using Guid(c371eccb4fab1f74f84b8261d558a313) Importer(2089858483,192608db42251d675da83286b1cce702) (ScriptedImporter) -> (artifact id: '074ff9485a77a38b9cceef97549b3dbf') in 0.052081 seconds
Number of updated asset objects reloaded before import = 0Number of asset objects unloaded after import = 2

========================================================================
Received Import Request.
  Time since last request: 0.000031 seconds.
  path: Assets/Proxy Games/Stylized Nature Kit Lite/Materials/Color Palette.mat
  artifactKey: Guid(b725cacc7387b1f4e991c4bdfcd832c8) Importer(2089858483,192608db42251d675da83286b1cce702)
Start importing Assets/Proxy Games/Stylized Nature Kit Lite/Materials/Color Palette.mat using Guid(b725cacc7387b1f4e991c4bdfcd832c8) Importer(2089858483,192608db42251d675da83286b1cce702) (ScriptedImporter) -> (artifact id: '8e38c6a05429683321eba96481fd1398') in 0.0269649 seconds
Number of updated asset objects reloaded before import = 0Number of asset objects unloaded after import = 2

========================================================================
Received Import Request.
  Time since last request: 0.000050 seconds.
  path: Assets/Proxy Games/Stylized Nature Kit Lite/Terrain/Rock.terrainlayer
  artifactKey: Guid(fa38c335dae49c84a9646b141e9e88ae) Importer(2089858483,192608db42251d675da83286b1cce702)
Start importing Assets/Proxy Games/Stylized Nature Kit Lite/Terrain/Rock.terrainlayer using Guid(fa38c335dae49c84a9646b141e9e88ae) Importer(2089858483,192608db42251d675da83286b1cce702) (ScriptedImporter) -> (artifact id: '238dade4543b42874fad2f43fc0f9866') in 0.0273653 seconds
Number of updated asset objects reloaded before import = 0Number of asset objects unloaded after import = 2

========================================================================
Received Import Request.
  Time since last request: 0.000045 seconds.
  path: Assets/Proxy Games/Stylized Nature Kit Lite/Textures/Grid.png
  artifactKey: Guid(2879d0805d9795e48aca6ea6eb5f8db9) Importer(2089858483,192608db42251d675da83286b1cce702)
Start importing Assets/Proxy Games/Stylized Nature Kit Lite/Textures/Grid.png using Guid(2879d0805d9795e48aca6ea6eb5f8db9) Importer(2089858483,192608db42251d675da83286b1cce702) (ScriptedImporter) -> (artifact id: '0d28b5d51c140675ac5766790ea8d9e2') in 0.0273548 seconds
Number of updated asset objects reloaded before import = 0Number of asset objects unloaded after import = 1

========================================================================
Received Import Request.
  Time since last request: 0.000040 seconds.
  path: Assets/Proxy Games/Stylized Nature Kit Lite/Prefabs/Rocks/Mountain/Mountain.prefab
  artifactKey: Guid(81d960fe44e3f6b46bcda7b24988e254) Importer(2089858483,192608db42251d675da83286b1cce702)
Start importing Assets/Proxy Games/Stylized Nature Kit Lite/Prefabs/Rocks/Mountain/Mountain.prefab using Guid(81d960fe44e3f6b46bcda7b24988e254) Importer(2089858483,192608db42251d675da83286b1cce702) (ScriptedImporter) -> (artifact id: '3672859fada88ecd933987b42aad0943') in 0.031041 seconds
Number of updated asset objects reloaded before import = 0Number of asset objects unloaded after import = 30

========================================================================
Received Import Request.
  Time since last request: 0.000062 seconds.
  path: Assets/Proxy Games/Stylized Nature Kit Lite/Misc/Doctor Glitch.otf
  artifactKey: Guid(b4b8947316b54ed4cad6c212041ef7f6) Importer(2089858483,192608db42251d675da83286b1cce702)
Start importing Assets/Proxy Games/Stylized Nature Kit Lite/Misc/Doctor Glitch.otf using Guid(b4b8947316b54ed4cad6c212041ef7f6) Importer(2089858483,192608db42251d675da83286b1cce702) (ScriptedImporter) -> (artifact id: 'cdd6fe7666b2ae657ae341f6cb213f36') in 0.0622614 seconds
Number of updated asset objects reloaded before import = 0Number of asset objects unloaded after import = 3

========================================================================
Received Import Request.
  Time since last request: 0.000041 seconds.
  path: Assets/Free Stylized Skybox/CubeMap/Materials/Sky_Anime_15_Day_a.mat
  artifactKey: Guid(50bf15468c19e0e40b5bf26662770a34) Importer(2089858483,192608db42251d675da83286b1cce702)
Start importing Assets/Free Stylized Skybox/CubeMap/Materials/Sky_Anime_15_Day_a.mat using Guid(50bf15468c19e0e40b5bf26662770a34) Importer(2089858483,192608db42251d675da83286b1cce702) (ScriptedImporter) -> (artifact id: '54c63ba47591d781cf418a6a5e6a0c15') in 0.1335875 seconds
Number of updated asset objects reloaded before import = 0Number of asset objects unloaded after import = 2

Editor requested this worker to shutdown with reason: Scaling down because of idle timeout
AssetImportWorker is now disconnected from the server
Process exiting
Exiting without the bug reporter. Application will terminate with return code 0